<?xml version="1.0" encoding="UTF-8"?>
<robot generator="Robot 4.0.1 (Python 3.8.1 on win32)" generated="20210506 03:02:09.084" rpa="false" schemaversion="2">
<suite id="s1" name="View Product" source="C:\Users\cynbe\Documents\GitHub\Dek-D_Store_Test\view_product(bee)\view_product.robot">
<test id="s1-t1" name="View All Product">
<kw name="Open Browser" library="SeleniumLibrary">
<arg>about:blank</arg>
<arg>chrome</arg>
<doc>Opens a new browser instance to the optional ``url``.</doc>
<msg timestamp="20210506 03:02:09.415" level="INFO">Opening browser 'chrome' to base url 'about:blank'.</msg>
<status status="PASS" starttime="20210506 03:02:09.414" endtime="20210506 03:02:12.518"/>
</kw>
<kw name="Go To" library="SeleniumLibrary">
<arg>${url_Dekd_Store}</arg>
<doc>Navigates the current browser window to the provided ``url``.</doc>
<msg timestamp="20210506 03:02:12.520" level="INFO">Opening url 'https://www.dekdstore.com/th'</msg>
<status status="PASS" starttime="20210506 03:02:12.520" endtime="20210506 03:02:21.359"/>
</kw>
<kw name="Execute Javascript" library="SeleniumLibrary">
<arg>window.scrollTo(0, 1100)</arg>
<doc>Executes the given JavaScript code with possible arguments.</doc>
<msg timestamp="20210506 03:02:21.361" level="INFO">Executing JavaScript:
window.scrollTo(0, 1100)
Without any arguments.</msg>
<status status="PASS" starttime="20210506 03:02:21.360" endtime="20210506 03:02:21.367"/>
</kw>
<kw name="Click Goods In All Product To View">
<arg>${btn_view_all_product}</arg>
<kw name="Element Should Be Visible" library="SeleniumLibrary">
<arg>${btn}</arg>
<doc>Verifies that the element identified by ``locator`` is visible.</doc>
<msg timestamp="20210506 03:02:21.444" level="INFO">Element '//body/section[@id='main']/div[@id='app']/div[@id='main-content']/ul[@id='product-grid']/li[1]/figure[1]' is displayed.</msg>
<status status="PASS" starttime="20210506 03:02:21.369" endtime="20210506 03:02:21.444"/>
</kw>
<kw name="Click Element" library="SeleniumLibrary">
<arg>${btn}</arg>
<doc>Click the element identified by ``locator``.</doc>
<msg timestamp="20210506 03:02:21.445" level="INFO">Clicking element '//body/section[@id='main']/div[@id='app']/div[@id='main-content']/ul[@id='product-grid']/li[1]/figure[1]'.</msg>
<status status="PASS" starttime="20210506 03:02:21.444" endtime="20210506 03:02:23.597"/>
</kw>
<status status="PASS" starttime="20210506 03:02:21.368" endtime="20210506 03:02:23.598"/>
</kw>
<tag>success</tag>
<status status="PASS" starttime="20210506 03:02:09.413" endtime="20210506 03:02:23.600"/>
</test>
<test id="s1-t2" name="View Hot Product">
<kw name="Open Browser" library="SeleniumLibrary">
<arg>about:blank</arg>
<arg>chrome</arg>
<doc>Opens a new browser instance to the optional ``url``.</doc>
<msg timestamp="20210506 03:02:23.609" level="INFO">Opening browser 'chrome' to base url 'about:blank'.</msg>
<status status="PASS" starttime="20210506 03:02:23.609" endtime="20210506 03:02:26.446"/>
</kw>
<kw name="Go To" library="SeleniumLibrary">
<arg>${url_Dekd_Store}</arg>
<doc>Navigates the current browser window to the provided ``url``.</doc>
<msg timestamp="20210506 03:02:26.448" level="INFO">Opening url 'https://www.dekdstore.com/th'</msg>
<status status="PASS" starttime="20210506 03:02:26.447" endtime="20210506 03:02:34.035"/>
</kw>
<kw name="Execute Javascript" library="SeleniumLibrary">
<arg>window.scrollTo(0, 1100)</arg>
<doc>Executes the given JavaScript code with possible arguments.</doc>
<msg timestamp="20210506 03:02:34.037" level="INFO">Executing JavaScript:
window.scrollTo(0, 1100)
Without any arguments.</msg>
<status status="PASS" starttime="20210506 03:02:34.036" endtime="20210506 03:02:34.056"/>
</kw>
<kw name="Click Hot Product Button">
<arg>${hot_product_btn}</arg>
<kw name="Element Should Be Visible" library="SeleniumLibrary">
<arg>${btn}</arg>
<doc>Verifies that the element identified by ``locator`` is visible.</doc>
<msg timestamp="20210506 03:02:34.164" level="INFO">Element '//a[contains(text(),'Hot')]' is displayed.</msg>
<status status="PASS" starttime="20210506 03:02:34.058" endtime="20210506 03:02:34.164"/>
</kw>
<kw name="Click Element" library="SeleniumLibrary">
<arg>${btn}</arg>
<doc>Click the element identified by ``locator``.</doc>
<msg timestamp="20210506 03:02:34.165" level="INFO">Clicking element '//a[contains(text(),'Hot')]'.</msg>
<status status="PASS" starttime="20210506 03:02:34.164" endtime="20210506 03:02:37.275"/>
</kw>
<status status="PASS" starttime="20210506 03:02:34.057" endtime="20210506 03:02:37.276"/>
</kw>
<kw name="Click Goods In Hot Product To View">
<arg>${btn_view_hot_product}</arg>
<kw name="Element Should Be Visible" library="SeleniumLibrary">
<arg>${btn}</arg>
<doc>Verifies that the element identified by ``locator`` is visible.</doc>
<msg timestamp="20210506 03:02:37.427" level="INFO">Element '//body/section[@id='main']/div[@id='app']/div[@id='main-content']/ul[@id='product-grid']/li[3]' is displayed.</msg>
<status status="PASS" starttime="20210506 03:02:37.347" endtime="20210506 03:02:37.428"/>
</kw>
<kw name="Click Element" library="SeleniumLibrary">
<arg>${btn}</arg>
<doc>Click the element identified by ``locator``.</doc>
<msg timestamp="20210506 03:02:37.428" level="INFO">Clicking element '//body/section[@id='main']/div[@id='app']/div[@id='main-content']/ul[@id='product-grid']/li[3]'.</msg>
<status status="PASS" starttime="20210506 03:02:37.428" endtime="20210506 03:02:40.780"/>
</kw>
<status status="PASS" starttime="20210506 03:02:37.346" endtime="20210506 03:02:40.780"/>
</kw>
<tag>success</tag>
<status status="PASS" starttime="20210506 03:02:23.608" endtime="20210506 03:02:40.782"/>
</test>
<test id="s1-t3" name="View New Product">
<kw name="Open Browser" library="SeleniumLibrary">
<arg>about:blank</arg>
<arg>chrome</arg>
<doc>Opens a new browser instance to the optional ``url``.</doc>
<msg timestamp="20210506 03:02:40.787" level="INFO">Opening browser 'chrome' to base url 'about:blank'.</msg>
<status status="PASS" starttime="20210506 03:02:40.787" endtime="20210506 03:02:42.528"/>
</kw>
<kw name="Go To" library="SeleniumLibrary">
<arg>${url_Dekd_Store}</arg>
<doc>Navigates the current browser window to the provided ``url``.</doc>
<msg timestamp="20210506 03:02:42.530" level="INFO">Opening url 'https://www.dekdstore.com/th'</msg>
<status status="PASS" starttime="20210506 03:02:42.529" endtime="20210506 03:02:57.161"/>
</kw>
<kw name="Execute Javascript" library="SeleniumLibrary">
<arg>window.scrollTo(0, 1100)</arg>
<doc>Executes the given JavaScript code with possible arguments.</doc>
<msg timestamp="20210506 03:02:57.162" level="INFO">Executing JavaScript:
window.scrollTo(0, 1100)
Without any arguments.</msg>
<status status="PASS" starttime="20210506 03:02:57.162" endtime="20210506 03:02:57.170"/>
</kw>
<kw name="Click New Product Button">
<arg>${new_product_btn}</arg>
<kw name="Element Should Be Visible" library="SeleniumLibrary">
<arg>${btn}</arg>
<doc>Verifies that the element identified by ``locator`` is visible.</doc>
<msg timestamp="20210506 03:02:57.325" level="INFO">Element '//a[contains(text(),'New')]' is displayed.</msg>
<status status="PASS" starttime="20210506 03:02:57.171" endtime="20210506 03:02:57.325"/>
</kw>
<kw name="Click Element" library="SeleniumLibrary">
<arg>${btn}</arg>
<doc>Click the element identified by ``locator``.</doc>
<msg timestamp="20210506 03:02:57.326" level="INFO">Clicking element '//a[contains(text(),'New')]'.</msg>
<status status="PASS" starttime="20210506 03:02:57.326" endtime="20210506 03:03:00.683"/>
</kw>
<status status="PASS" starttime="20210506 03:02:57.170" endtime="20210506 03:03:00.684"/>
</kw>
<kw name="Click Goods In New Product To View">
<arg>${btn_view_new_product}</arg>
<kw name="Element Should Be Visible" library="SeleniumLibrary">
<arg>${btn}</arg>
<doc>Verifies that the element identified by ``locator`` is visible.</doc>
<msg timestamp="20210506 03:03:00.719" level="INFO">Element '//body/section[@id='main']/div[@id='app']/div[@id='main-content']/ul[@id='product-grid']/li[4]' is displayed.</msg>
<status status="PASS" starttime="20210506 03:03:00.685" endtime="20210506 03:03:00.719"/>
</kw>
<kw name="Click Element" library="SeleniumLibrary">
<arg>${btn}</arg>
<doc>Click the element identified by ``locator``.</doc>
<msg timestamp="20210506 03:03:00.720" level="INFO">Clicking element '//body/section[@id='main']/div[@id='app']/div[@id='main-content']/ul[@id='product-grid']/li[4]'.</msg>
<status status="PASS" starttime="20210506 03:03:00.720" endtime="20210506 03:03:08.177"/>
</kw>
<status status="PASS" starttime="20210506 03:03:00.684" endtime="20210506 03:03:08.177"/>
</kw>
<tag>success</tag>
<status status="PASS" starttime="20210506 03:02:40.785" endtime="20210506 03:03:08.178"/>
</test>
<test id="s1-t4" name="View Popular Product">
<kw name="Open Browser" library="SeleniumLibrary">
<arg>about:blank</arg>
<arg>chrome</arg>
<doc>Opens a new browser instance to the optional ``url``.</doc>
<msg timestamp="20210506 03:03:08.182" level="INFO">Opening browser 'chrome' to base url 'about:blank'.</msg>
<status status="PASS" starttime="20210506 03:03:08.181" endtime="20210506 03:03:09.738"/>
</kw>
<kw name="Go To" library="SeleniumLibrary">
<arg>${url_Dekd_Store}</arg>
<doc>Navigates the current browser window to the provided ``url``.</doc>
<msg timestamp="20210506 03:03:09.739" level="INFO">Opening url 'https://www.dekdstore.com/th'</msg>
<status status="PASS" starttime="20210506 03:03:09.739" endtime="20210506 03:03:40.790"/>
</kw>
<kw name="Execute Javascript" library="SeleniumLibrary">
<arg>window.scrollTo(0, 1100)</arg>
<doc>Executes the given JavaScript code with possible arguments.</doc>
<msg timestamp="20210506 03:03:40.816" level="INFO">Executing JavaScript:
window.scrollTo(0, 1100)
Without any arguments.</msg>
<status status="PASS" starttime="20210506 03:03:40.815" endtime="20210506 03:03:40.849"/>
</kw>
<kw name="Click Popular Product Button">
<arg>${popular_product_btn}</arg>
<kw name="Element Should Be Visible" library="SeleniumLibrary">
<arg>${btn}</arg>
<doc>Verifies that the element identified by ``locator`` is visible.</doc>
<msg timestamp="20210506 03:03:40.910" level="INFO">Element '//a[contains(text(),'สินค้าขายดี')]' is displayed.</msg>
<status status="PASS" starttime="20210506 03:03:40.851" endtime="20210506 03:03:40.910"/>
</kw>
<kw name="Click Element" library="SeleniumLibrary">
<arg>${btn}</arg>
<doc>Click the element identified by ``locator``.</doc>
<msg timestamp="20210506 03:03:40.911" level="INFO">Clicking element '//a[contains(text(),'สินค้าขายดี')]'.</msg>
<status status="PASS" starttime="20210506 03:03:40.910" endtime="20210506 03:03:40.955"/>
</kw>
<status status="PASS" starttime="20210506 03:03:40.850" endtime="20210506 03:03:40.955"/>
</kw>
<kw name="Click Goods In Popular Product To View">
<arg>${btn_view_new_product}</arg>
<kw name="Element Should Be Visible" library="SeleniumLibrary">
<arg>${btn}</arg>
<doc>Verifies that the element identified by ``locator`` is visible.</doc>
<msg timestamp="20210506 03:03:40.992" level="INFO">Element '//body/section[@id='main']/div[@id='app']/div[@id='main-content']/ul[@id='product-grid']/li[4]' is displayed.</msg>
<status status="PASS" starttime="20210506 03:03:40.956" endtime="20210506 03:03:40.992"/>
</kw>
<kw name="Click Element" library="SeleniumLibrary">
<arg>${btn}</arg>
<doc>Click the element identified by ``locator``.</doc>
<msg timestamp="20210506 03:03:40.993" level="INFO">Clicking element '//body/section[@id='main']/div[@id='app']/div[@id='main-content']/ul[@id='product-grid']/li[4]'.</msg>
<status status="PASS" starttime="20210506 03:03:40.992" endtime="20210506 03:03:43.058"/>
</kw>
<status status="PASS" starttime="20210506 03:03:40.955" endtime="20210506 03:03:43.059"/>
</kw>
<tag>success</tag>
<status status="PASS" starttime="20210506 03:03:08.180" endtime="20210506 03:03:43.060"/>
</test>
<status status="PASS" starttime="20210506 03:02:09.086" endtime="20210506 03:03:43.062"/>
</suite>
<statistics>
<total>
<stat pass="4" fail="0" skip="0">All Tests</stat>
</total>
<tag>
<stat pass="4" fail="0" skip="0">success</stat>
</tag>
<suite>
<stat pass="4" fail="0" skip="0" id="s1" name="View Product">View Product</stat>
</suite>
</statistics>
<errors>
</errors>
</robot>
