<?xml version="1.0" encoding="UTF-8"?>
<robot generator="Robot 4.0.1 (Python 3.9.4 on win32)" generated="20210505 21:51:07.391" rpa="false" schemaversion="2">
<suite id="s1" name="Chat" source="C:\Users\jaroo\Documents\GitHub\Dek-D_Store_Test\chat(nun)\chat.robot">
<test id="s1-t1" name="แสดงสถานะการจัดส่ง Dek-D's Store Official ด้วย Chrome">
<kw name="Open Browser" library="SeleniumLibrary">
<arg>about:blank</arg>
<arg>chrome</arg>
<doc>Opens a new browser instance to the optional ``url``.</doc>
<msg timestamp="20210505 21:51:08.023" level="INFO">Opening browser 'chrome' to base url 'about:blank'.</msg>
<status status="PASS" starttime="20210505 21:51:08.022" endtime="20210505 21:51:10.251"/>
</kw>
<kw name="Maximize Browser Window" library="SeleniumLibrary">
<doc>Maximizes current browser window.</doc>
<status status="PASS" starttime="20210505 21:51:10.252" endtime="20210505 21:51:10.438"/>
</kw>
<kw name="Go To" library="SeleniumLibrary">
<arg>${url_Dekd_Store_Login}</arg>
<doc>Navigates the current browser window to the provided ``url``.</doc>
<msg timestamp="20210505 21:51:10.438" level="INFO">Opening url 'https://www.dekdstore.com/th/login'</msg>
<status status="PASS" starttime="20210505 21:51:10.438" endtime="20210505 21:51:13.990"/>
</kw>
<kw name="Verify DekD page">
<arg>${title_Dekd_Login}</arg>
<kw name="Title Should Be" library="SeleniumLibrary">
<arg>${title}</arg>
<doc>Verifies that the current page title equals ``title``.</doc>
<msg timestamp="20210505 21:51:14.006" level="INFO">Page title is 'เข้าสู่ระบบ - Dek-D's Store Official'.</msg>
<status status="PASS" starttime="20210505 21:51:13.994" endtime="20210505 21:51:14.007"/>
</kw>
<status status="PASS" starttime="20210505 21:51:13.992" endtime="20210505 21:51:14.008"/>
</kw>
<kw name="Input Information For Login">
<arg>${input_email}</arg>
<arg>${input_password}</arg>
<arg>${email_value}</arg>
<arg>${password_value}</arg>
<kw name="Element Should Be Visible" library="SeleniumLibrary">
<arg>${xpath_email}</arg>
<doc>Verifies that the element identified by ``locator`` is visible.</doc>
<msg timestamp="20210505 21:51:14.077" level="INFO">Element '//*[@id="email"]' is displayed.</msg>
<status status="PASS" starttime="20210505 21:51:14.012" endtime="20210505 21:51:14.078"/>
</kw>
<kw name="Element Should Be Visible" library="SeleniumLibrary">
<arg>${xpath_password}</arg>
<doc>Verifies that the element identified by ``locator`` is visible.</doc>
<msg timestamp="20210505 21:51:14.152" level="INFO">Element '//*[@id="password"]' is displayed.</msg>
<status status="PASS" starttime="20210505 21:51:14.078" endtime="20210505 21:51:14.152"/>
</kw>
<kw name="Input Text" library="SeleniumLibrary">
<arg>${xpath_email}</arg>
<arg>${email}</arg>
<doc>Types the given ``text`` into the text field identified by ``locator``.</doc>
<msg timestamp="20210505 21:51:14.154" level="INFO">Typing text 'pp_ben@hotmail.com' into text field '//*[@id="email"]'.</msg>
<status status="PASS" starttime="20210505 21:51:14.153" endtime="20210505 21:51:14.528"/>
</kw>
<kw name="Input Text" library="SeleniumLibrary">
<arg>${xpath_password}</arg>
<arg>${password}</arg>
<doc>Types the given ``text`` into the text field identified by ``locator``.</doc>
<msg timestamp="20210505 21:51:14.529" level="INFO">Typing text 'test123456789' into text field '//*[@id="password"]'.</msg>
<status status="PASS" starttime="20210505 21:51:14.528" endtime="20210505 21:51:14.752"/>
</kw>
<status status="PASS" starttime="20210505 21:51:14.009" endtime="20210505 21:51:14.753"/>
</kw>
<kw name="Click Button">
<arg>${btn_login}</arg>
<kw name="Element Should Be Visible" library="SeleniumLibrary">
<arg>${btn}</arg>
<doc>Verifies that the element identified by ``locator`` is visible.</doc>
<msg timestamp="20210505 21:51:14.812" level="INFO">Element '//*[@id="loginForm"]/button' is displayed.</msg>
<status status="PASS" starttime="20210505 21:51:14.756" endtime="20210505 21:51:14.812"/>
</kw>
<kw name="Click Element" library="SeleniumLibrary">
<arg>${btn}</arg>
<doc>Click the element identified by ``locator``.</doc>
<msg timestamp="20210505 21:51:14.813" level="INFO">Clicking element '//*[@id="loginForm"]/button'.</msg>
<status status="PASS" starttime="20210505 21:51:14.813" endtime="20210505 21:51:21.477"/>
</kw>
<status status="PASS" starttime="20210505 21:51:14.754" endtime="20210505 21:51:21.478"/>
</kw>
<kw name="Verify DekD page">
<arg>${title_DekD}</arg>
<kw name="Title Should Be" library="SeleniumLibrary">
<arg>${title}</arg>
<doc>Verifies that the current page title equals ``title``.</doc>
<msg timestamp="20210505 21:51:21.494" level="INFO">Page title is 'Dek-D's Store Official'.</msg>
<status status="PASS" starttime="20210505 21:51:21.481" endtime="20210505 21:51:21.495"/>
</kw>
<status status="PASS" starttime="20210505 21:51:21.479" endtime="20210505 21:51:21.496"/>
</kw>
<kw name="Click Button chat">
<arg>${btn_chat}</arg>
<kw name="Wait Until Element Is Visible" library="SeleniumLibrary">
<arg>${btn}</arg>
<arg>timeout=60</arg>
<doc>Waits until the element ``locator`` is visible.</doc>
<kw name="Capture Page Screenshot" library="SeleniumLibrary">
<doc>Takes a screenshot of the current page and embeds it into a log file.</doc>
<msg timestamp="20210505 21:51:22.980" level="INFO" html="true">&lt;/td&gt;&lt;/tr&gt;&lt;tr&gt;&lt;td colspan="3"&gt;&lt;a href="selenium-screenshot-15.png"&gt;&lt;img src="selenium-screenshot-15.png" width="800px"&gt;&lt;/a&gt;</msg>
<status status="PASS" starttime="20210505 21:51:21.579" endtime="20210505 21:51:22.981"/>
</kw>
<msg timestamp="20210505 21:51:22.995" level="FAIL">InvalidSelectorException: Message: invalid selector: An invalid or illegal selector was specified
  (Session info: chrome=90.0.4430.93)
</msg>
<status status="FAIL" starttime="20210505 21:51:21.503" endtime="20210505 21:51:22.996"/>
</kw>
<kw name="Click Element" library="SeleniumLibrary">
<arg>${btn}</arg>
<doc>Click the element identified by ``locator``.</doc>
<status status="NOT RUN" starttime="20210505 21:51:22.997" endtime="20210505 21:51:22.997"/>
</kw>
<status status="FAIL" starttime="20210505 21:51:21.499" endtime="20210505 21:51:22.999"/>
</kw>
<status status="FAIL" starttime="20210505 21:51:08.018" endtime="20210505 21:51:23.005">InvalidSelectorException: Message: invalid selector: An invalid or illegal selector was specified
  (Session info: chrome=90.0.4430.93)
</status>
</test>
<status status="FAIL" starttime="20210505 21:51:07.391" endtime="20210505 21:51:23.026"/>
</suite>
<statistics>
<total>
<stat pass="0" fail="1" skip="0">All Tests</stat>
</total>
<tag>
</tag>
<suite>
<stat pass="0" fail="1" skip="0" id="s1" name="Chat">Chat</stat>
</suite>
</statistics>
<errors>
</errors>
</robot>
