<?xml version="1.0" encoding="UTF-8"?>
<robot generator="Robot 4.0.1 (Python 3.9.4 on darwin)" generated="20210506 06:52:55.979" rpa="false" schemaversion="2">
<suite id="s1" name="Order" source="/Users/memory/Documents/GitHub/Dek-D_Store_Test/orderBee/order.robot">
<test id="s1-t1" name="Open Browser- success">
<kw name="Open Browser" library="SeleniumLibrary">
<arg>about:blank</arg>
<arg>chrome</arg>
<doc>Opens a new browser instance to the optional ``url``.</doc>
<msg timestamp="20210506 06:52:56.198" level="INFO">Opening browser 'chrome' to base url 'about:blank'.</msg>
<status status="PASS" starttime="20210506 06:52:56.197" endtime="20210506 06:52:58.428"/>
</kw>
<kw name="Go To" library="SeleniumLibrary">
<arg>${url_DekD_Store_All_Products}</arg>
<doc>Navigates the current browser window to the provided ``url``.</doc>
<msg timestamp="20210506 06:52:58.429" level="INFO">Opening url 'https://www.dekdstore.com/th/category/113001/all-product'</msg>
<status status="PASS" starttime="20210506 06:52:58.429" endtime="20210506 06:53:04.005"/>
</kw>
<kw name="Execute Javascript" library="SeleniumLibrary">
<arg>window.scrollTo(0, 200)</arg>
<doc>Executes the given JavaScript code with possible arguments.</doc>
<msg timestamp="20210506 06:53:04.006" level="INFO">Executing JavaScript:
window.scrollTo(0, 200)
Without any arguments.</msg>
<status status="PASS" starttime="20210506 06:53:04.005" endtime="20210506 06:53:04.027"/>
</kw>
<kw name="Click Product item">
<arg>${product_item}</arg>
<kw name="Element Should Be Visible" library="SeleniumLibrary">
<arg>${item}</arg>
<doc>Verifies that the element identified by ``locator`` is visible.</doc>
<msg timestamp="20210506 06:53:04.057" level="INFO">Element '//body/section[@id='main']/div[@id='app']/div[@id='main-content']/ul[@id='product-grid']/li[3]' is displayed.</msg>
<status status="PASS" starttime="20210506 06:53:04.031" endtime="20210506 06:53:04.058"/>
</kw>
<kw name="Click Element" library="SeleniumLibrary">
<arg>${item}</arg>
<doc>Click the element identified by ``locator``.</doc>
<msg timestamp="20210506 06:53:04.058" level="INFO">Clicking element '//body/section[@id='main']/div[@id='app']/div[@id='main-content']/ul[@id='product-grid']/li[3]'.</msg>
<status status="PASS" starttime="20210506 06:53:04.058" endtime="20210506 06:53:06.051"/>
</kw>
<status status="PASS" starttime="20210506 06:53:04.028" endtime="20210506 06:53:06.051"/>
</kw>
<kw name="Verify DekD page">
<arg>${title_product_detail}</arg>
<kw name="Title Should Be" library="SeleniumLibrary">
<arg>${title}</arg>
<doc>Verifies that the current page title equals ``title``.</doc>
<msg timestamp="20210506 06:53:06.077" level="INFO">Page title is 'กว่าจะเป็น...หมอฟัน ฉบับอัพเดตปี 2561 - Dek-D's Store Official'.</msg>
<status status="PASS" starttime="20210506 06:53:06.052" endtime="20210506 06:53:06.077"/>
</kw>
<status status="PASS" starttime="20210506 06:53:06.051" endtime="20210506 06:53:06.078"/>
</kw>
<kw name="Check Button Agreement">
<arg>${add_to_cart_btn}</arg>
<kw name="Element Should Be Visible" library="SeleniumLibrary">
<arg>${item}</arg>
<doc>Verifies that the element identified by ``locator`` is visible.</doc>
<msg timestamp="20210506 06:53:06.106" level="INFO">Element '//button[@id='order-btn']' is displayed.</msg>
<status status="PASS" starttime="20210506 06:53:06.079" endtime="20210506 06:53:06.106"/>
</kw>
<status status="PASS" starttime="20210506 06:53:06.078" endtime="20210506 06:53:06.107"/>
</kw>
<kw name="Click Order Button">
<arg>${add_to_cart_btn}</arg>
<kw name="Element Should Be Visible" library="SeleniumLibrary">
<arg>${btn}</arg>
<doc>Verifies that the element identified by ``locator`` is visible.</doc>
<msg timestamp="20210506 06:53:06.118" level="INFO">Element '//button[@id='order-btn']' is displayed.</msg>
<status status="PASS" starttime="20210506 06:53:06.107" endtime="20210506 06:53:06.118"/>
</kw>
<kw name="Click Element" library="SeleniumLibrary">
<arg>${btn}</arg>
<doc>Click the element identified by ``locator``.</doc>
<msg timestamp="20210506 06:53:06.119" level="INFO">Clicking element '//button[@id='order-btn']'.</msg>
<status status="PASS" starttime="20210506 06:53:06.118" endtime="20210506 06:53:06.189"/>
</kw>
<status status="PASS" starttime="20210506 06:53:06.107" endtime="20210506 06:53:06.189"/>
</kw>
<kw name="Verify DekD page">
<arg>${title_Address_page}</arg>
<kw name="Title Should Be" library="SeleniumLibrary">
<arg>${title}</arg>
<doc>Verifies that the current page title equals ``title``.</doc>
<kw name="Capture Page Screenshot" library="SeleniumLibrary">
<doc>Takes a screenshot of the current page and embeds it into a log file.</doc>
<msg timestamp="20210506 06:53:06.651" level="INFO" html="true">&lt;/td&gt;&lt;/tr&gt;&lt;tr&gt;&lt;td colspan="3"&gt;&lt;a href="selenium-screenshot-7.png"&gt;&lt;img src="selenium-screenshot-7.png" width="800px"&gt;&lt;/a&gt;</msg>
<status status="PASS" starttime="20210506 06:53:06.197" endtime="20210506 06:53:06.651"/>
</kw>
<msg timestamp="20210506 06:53:06.654" level="FAIL">Title should have been 'เพิ่มที่อยู่ใหม่ - Dek-D's Store Official' but was 'กว่าจะเป็น...หมอฟัน ฉบับอัพเดตปี 2561 - Dek-D's Store Official'.</msg>
<status status="FAIL" starttime="20210506 06:53:06.190" endtime="20210506 06:53:06.654"/>
</kw>
<status status="FAIL" starttime="20210506 06:53:06.190" endtime="20210506 06:53:06.654"/>
</kw>
<tag>success</tag>
<status status="FAIL" starttime="20210506 06:52:56.196" endtime="20210506 06:53:06.654">Title should have been 'เพิ่มที่อยู่ใหม่ - Dek-D's Store Official' but was 'กว่าจะเป็น...หมอฟัน ฉบับอัพเดตปี 2561 - Dek-D's Store Official'.</status>
</test>
<status status="FAIL" starttime="20210506 06:52:55.980" endtime="20210506 06:53:06.655"/>
</suite>
<statistics>
<total>
<stat pass="0" fail="1" skip="0">All Tests</stat>
</total>
<tag>
<stat pass="0" fail="1" skip="0">success</stat>
</tag>
<suite>
<stat pass="0" fail="1" skip="0" id="s1" name="Order">Order</stat>
</suite>
</statistics>
<errors>
</errors>
</robot>
