<?xml version="1.0" encoding="UTF-8"?>
<robot generator="Robot 4.0.1 (Python 3.9.4 on darwin)" generated="20210506 01:39:48.649" rpa="false" schemaversion="2">
<suite id="s1" name="Search" source="/Users/memory/Documents/GitHub/Dek-D_Store_Test/Search/search.robot">
<test id="s1-t1" name="Open Home Page- success">
<kw name="Open Browser" library="SeleniumLibrary">
<arg>about:blank</arg>
<arg>chrome</arg>
<doc>Opens a new browser instance to the optional ``url``.</doc>
<msg timestamp="20210506 01:39:48.911" level="INFO">Opening browser 'chrome' to base url 'about:blank'.</msg>
<status status="PASS" starttime="20210506 01:39:48.911" endtime="20210506 01:39:51.146"/>
</kw>
<kw name="Go To" library="SeleniumLibrary">
<arg>${url_Dekd_Home}</arg>
<doc>Navigates the current browser window to the provided ``url``.</doc>
<msg timestamp="20210506 01:39:51.148" level="INFO">Opening url 'https://www.dekdstore.com/th'</msg>
<status status="PASS" starttime="20210506 01:39:51.147" endtime="20210506 01:39:58.051"/>
</kw>
<kw name="Verify DekD Home page">
<arg>${title_home_page}</arg>
<kw name="Title Should Be" library="SeleniumLibrary">
<arg>${title}</arg>
<doc>Verifies that the current page title equals ``title``.</doc>
<msg timestamp="20210506 01:39:58.056" level="INFO">Page title is 'Dek-D's Store Official'.</msg>
<status status="PASS" starttime="20210506 01:39:58.052" endtime="20210506 01:39:58.056"/>
</kw>
<status status="PASS" starttime="20210506 01:39:58.051" endtime="20210506 01:39:58.057"/>
</kw>
<tag>success</tag>
<status status="PASS" starttime="20210506 01:39:48.910" endtime="20210506 01:39:58.057"/>
</test>
<test id="s1-t2" name="Add Wish List and View Wish List- success">
<kw name="Open Browser" library="SeleniumLibrary">
<arg>about:blank</arg>
<arg>chrome</arg>
<doc>Opens a new browser instance to the optional ``url``.</doc>
<msg timestamp="20210506 01:39:58.059" level="INFO">Opening browser 'chrome' to base url 'about:blank'.</msg>
<status status="PASS" starttime="20210506 01:39:58.059" endtime="20210506 01:40:00.072"/>
</kw>
<kw name="Go To" library="SeleniumLibrary">
<arg>${url_Dekd_Store_Login_Page}</arg>
<doc>Navigates the current browser window to the provided ``url``.</doc>
<msg timestamp="20210506 01:40:00.073" level="INFO">Opening url 'https://www.dekdstore.com/th/login'</msg>
<status status="PASS" starttime="20210506 01:40:00.072" endtime="20210506 01:40:04.911"/>
</kw>
<kw name="Verify DekD Login page">
<arg>${title_login_page}</arg>
<kw name="Title Should Be" library="SeleniumLibrary">
<arg>${title}</arg>
<doc>Verifies that the current page title equals ``title``.</doc>
<msg timestamp="20210506 01:40:04.935" level="INFO">Page title is 'เข้าสู่ระบบ - Dek-D's Store Official'.</msg>
<status status="PASS" starttime="20210506 01:40:04.913" endtime="20210506 01:40:04.935"/>
</kw>
<status status="PASS" starttime="20210506 01:40:04.911" endtime="20210506 01:40:04.935"/>
</kw>
<kw name="Input Information For Login">
<arg>${input_email}</arg>
<arg>${input_password}</arg>
<arg>${email_success}</arg>
<arg>${password_success}</arg>
<kw name="Element Should Be Visible" library="SeleniumLibrary">
<arg>${xpath_email}</arg>
<doc>Verifies that the element identified by ``locator`` is visible.</doc>
<msg timestamp="20210506 01:40:04.963" level="INFO">Element '//input[@id='email']' is displayed.</msg>
<status status="PASS" starttime="20210506 01:40:04.936" endtime="20210506 01:40:04.963"/>
</kw>
<kw name="Element Should Be Visible" library="SeleniumLibrary">
<arg>${xpath_password}</arg>
<doc>Verifies that the element identified by ``locator`` is visible.</doc>
<msg timestamp="20210506 01:40:04.981" level="INFO">Element '//input[@id='password']' is displayed.</msg>
<status status="PASS" starttime="20210506 01:40:04.964" endtime="20210506 01:40:04.981"/>
</kw>
<kw name="Input Text" library="SeleniumLibrary">
<arg>${xpath_email}</arg>
<arg>${email}</arg>
<doc>Types the given ``text`` into the text field identified by ``locator``.</doc>
<msg timestamp="20210506 01:40:04.981" level="INFO">Typing text 'champza699@hotmail.com' into text field '//input[@id='email']'.</msg>
<status status="PASS" starttime="20210506 01:40:04.981" endtime="20210506 01:40:05.116"/>
</kw>
<kw name="Input Text" library="SeleniumLibrary">
<arg>${xpath_password}</arg>
<arg>${password}</arg>
<doc>Types the given ``text`` into the text field identified by ``locator``.</doc>
<msg timestamp="20210506 01:40:05.117" level="INFO">Typing text '699champza' into text field '//input[@id='password']'.</msg>
<status status="PASS" starttime="20210506 01:40:05.116" endtime="20210506 01:40:05.191"/>
</kw>
<status status="PASS" starttime="20210506 01:40:04.935" endtime="20210506 01:40:05.191"/>
</kw>
<kw name="Click Login Button">
<arg>${btn_login}</arg>
<kw name="Element Should Be Visible" library="SeleniumLibrary">
<arg>${btn}</arg>
<doc>Verifies that the element identified by ``locator`` is visible.</doc>
<msg timestamp="20210506 01:40:05.210" level="INFO">Element '//button[@class='btn btn-primary btn-block btn-lg']' is displayed.</msg>
<status status="PASS" starttime="20210506 01:40:05.192" endtime="20210506 01:40:05.211"/>
</kw>
<kw name="Click Element" library="SeleniumLibrary">
<arg>${btn}</arg>
<doc>Click the element identified by ``locator``.</doc>
<msg timestamp="20210506 01:40:05.211" level="INFO">Clicking element '//button[@class='btn btn-primary btn-block btn-lg']'.</msg>
<kw name="Capture Page Screenshot" library="SeleniumLibrary">
<doc>Takes a screenshot of the current page and embeds it into a log file.</doc>
<msg timestamp="20210506 01:40:06.572" level="INFO" html="true">&lt;/td&gt;&lt;/tr&gt;&lt;tr&gt;&lt;td colspan="3"&gt;&lt;a href="selenium-screenshot-1.png"&gt;&lt;img src="selenium-screenshot-1.png" width="800px"&gt;&lt;/a&gt;</msg>
<status status="PASS" starttime="20210506 01:40:06.284" endtime="20210506 01:40:06.572"/>
</kw>
<msg timestamp="20210506 01:40:06.581" level="FAIL">ElementClickInterceptedException: Message: element click intercepted: Element &lt;button type="submit" class="btn btn-primary btn-block btn-lg"&gt;...&lt;/button&gt; is not clickable at point (892, 616). Other element would receive the click: &lt;div class="cookies-bar navbar-fixed-bottom" id="cookiesBanner"&gt;...&lt;/div&gt;
  (Session info: chrome=90.0.4430.93)
</msg>
<status status="FAIL" starttime="20210506 01:40:05.211" endtime="20210506 01:40:06.581"/>
</kw>
<status status="FAIL" starttime="20210506 01:40:05.191" endtime="20210506 01:40:06.581"/>
</kw>
<kw name="Verify DekD Home page">
<arg>${title_home_page}</arg>
<status status="NOT RUN" starttime="20210506 01:40:06.582" endtime="20210506 01:40:06.582"/>
</kw>
<tag>success</tag>
<status status="FAIL" starttime="20210506 01:39:58.058" endtime="20210506 01:40:06.582">ElementClickInterceptedException: Message: element click intercepted: Element &lt;button type="submit" class="btn btn-primary btn-block btn-lg"&gt;...&lt;/button&gt; is not clickable at point (892, 616). Other element would receive the click: &lt;div class="cookies-bar navbar-fixed-bottom" id="cookiesBanner"&gt;...&lt;/div&gt;
  (Session info: chrome=90.0.4430.93)
</status>
</test>
<test id="s1-t3" name="Remove Wish List and View Wish List- success">
<kw name="Open Browser" library="SeleniumLibrary">
<arg>about:blank</arg>
<arg>chrome</arg>
<doc>Opens a new browser instance to the optional ``url``.</doc>
<msg timestamp="20210506 01:40:06.583" level="INFO">Opening browser 'chrome' to base url 'about:blank'.</msg>
<status status="PASS" starttime="20210506 01:40:06.583" endtime="20210506 01:40:08.600"/>
</kw>
<kw name="Go To" library="SeleniumLibrary">
<arg>${url_Dekd_Store_Login_Page}</arg>
<doc>Navigates the current browser window to the provided ``url``.</doc>
<msg timestamp="20210506 01:40:08.602" level="INFO">Opening url 'https://www.dekdstore.com/th/login'</msg>
<status status="PASS" starttime="20210506 01:40:08.601" endtime="20210506 01:40:13.684"/>
</kw>
<kw name="Verify DekD Login page">
<arg>${title_login_page}</arg>
<kw name="Title Should Be" library="SeleniumLibrary">
<arg>${title}</arg>
<doc>Verifies that the current page title equals ``title``.</doc>
<msg timestamp="20210506 01:40:13.708" level="INFO">Page title is 'เข้าสู่ระบบ - Dek-D's Store Official'.</msg>
<status status="PASS" starttime="20210506 01:40:13.686" endtime="20210506 01:40:13.708"/>
</kw>
<status status="PASS" starttime="20210506 01:40:13.684" endtime="20210506 01:40:13.708"/>
</kw>
<kw name="Input Information For Login">
<arg>${input_email}</arg>
<arg>${input_password}</arg>
<arg>${email_success}</arg>
<arg>${password_success}</arg>
<kw name="Element Should Be Visible" library="SeleniumLibrary">
<arg>${xpath_email}</arg>
<doc>Verifies that the element identified by ``locator`` is visible.</doc>
<msg timestamp="20210506 01:40:13.736" level="INFO">Element '//input[@id='email']' is displayed.</msg>
<status status="PASS" starttime="20210506 01:40:13.710" endtime="20210506 01:40:13.736"/>
</kw>
<kw name="Element Should Be Visible" library="SeleniumLibrary">
<arg>${xpath_password}</arg>
<doc>Verifies that the element identified by ``locator`` is visible.</doc>
<msg timestamp="20210506 01:40:13.756" level="INFO">Element '//input[@id='password']' is displayed.</msg>
<status status="PASS" starttime="20210506 01:40:13.736" endtime="20210506 01:40:13.756"/>
</kw>
<kw name="Input Text" library="SeleniumLibrary">
<arg>${xpath_email}</arg>
<arg>${email}</arg>
<doc>Types the given ``text`` into the text field identified by ``locator``.</doc>
<msg timestamp="20210506 01:40:13.756" level="INFO">Typing text 'champza699@hotmail.com' into text field '//input[@id='email']'.</msg>
<status status="PASS" starttime="20210506 01:40:13.756" endtime="20210506 01:40:13.907"/>
</kw>
<kw name="Input Text" library="SeleniumLibrary">
<arg>${xpath_password}</arg>
<arg>${password}</arg>
<doc>Types the given ``text`` into the text field identified by ``locator``.</doc>
<msg timestamp="20210506 01:40:13.908" level="INFO">Typing text '699champza' into text field '//input[@id='password']'.</msg>
<status status="PASS" starttime="20210506 01:40:13.907" endtime="20210506 01:40:13.994"/>
</kw>
<status status="PASS" starttime="20210506 01:40:13.709" endtime="20210506 01:40:13.994"/>
</kw>
<kw name="Click Login Button">
<arg>${btn_login}</arg>
<kw name="Element Should Be Visible" library="SeleniumLibrary">
<arg>${btn}</arg>
<doc>Verifies that the element identified by ``locator`` is visible.</doc>
<msg timestamp="20210506 01:40:14.015" level="INFO">Element '//button[@class='btn btn-primary btn-block btn-lg']' is displayed.</msg>
<status status="PASS" starttime="20210506 01:40:13.995" endtime="20210506 01:40:14.015"/>
</kw>
<kw name="Click Element" library="SeleniumLibrary">
<arg>${btn}</arg>
<doc>Click the element identified by ``locator``.</doc>
<msg timestamp="20210506 01:40:14.016" level="INFO">Clicking element '//button[@class='btn btn-primary btn-block btn-lg']'.</msg>
<kw name="Capture Page Screenshot" library="SeleniumLibrary">
<doc>Takes a screenshot of the current page and embeds it into a log file.</doc>
<msg timestamp="20210506 01:40:15.361" level="INFO" html="true">&lt;/td&gt;&lt;/tr&gt;&lt;tr&gt;&lt;td colspan="3"&gt;&lt;a href="selenium-screenshot-2.png"&gt;&lt;img src="selenium-screenshot-2.png" width="800px"&gt;&lt;/a&gt;</msg>
<status status="PASS" starttime="20210506 01:40:15.088" endtime="20210506 01:40:15.361"/>
</kw>
<msg timestamp="20210506 01:40:15.361" level="FAIL">ElementClickInterceptedException: Message: element click intercepted: Element &lt;button type="submit" class="btn btn-primary btn-block btn-lg"&gt;...&lt;/button&gt; is not clickable at point (892, 616). Other element would receive the click: &lt;div class="cookies-bar navbar-fixed-bottom" id="cookiesBanner"&gt;...&lt;/div&gt;
  (Session info: chrome=90.0.4430.93)
</msg>
<status status="FAIL" starttime="20210506 01:40:14.015" endtime="20210506 01:40:15.361"/>
</kw>
<status status="FAIL" starttime="20210506 01:40:13.995" endtime="20210506 01:40:15.362"/>
</kw>
<kw name="Verify DekD Home page">
<arg>${title_home_page}</arg>
<status status="NOT RUN" starttime="20210506 01:40:15.362" endtime="20210506 01:40:15.362"/>
</kw>
<tag>success</tag>
<status status="FAIL" starttime="20210506 01:40:06.582" endtime="20210506 01:40:15.362">ElementClickInterceptedException: Message: element click intercepted: Element &lt;button type="submit" class="btn btn-primary btn-block btn-lg"&gt;...&lt;/button&gt; is not clickable at point (892, 616). Other element would receive the click: &lt;div class="cookies-bar navbar-fixed-bottom" id="cookiesBanner"&gt;...&lt;/div&gt;
  (Session info: chrome=90.0.4430.93)
</status>
</test>
<status status="FAIL" starttime="20210506 01:39:48.651" endtime="20210506 01:40:15.363"/>
</suite>
<statistics>
<total>
<stat pass="1" fail="2" skip="0">All Tests</stat>
</total>
<tag>
<stat pass="1" fail="2" skip="0">success</stat>
</tag>
<suite>
<stat pass="1" fail="2" skip="0" id="s1" name="Search">Search</stat>
</suite>
</statistics>
<errors>
</errors>
</robot>
