<?xml version="1.0" encoding="UTF-8"?>
<robot generator="Robot 4.0 (Python 3.6.6rc1 on win32)" generated="20210505 18:17:31.725" rpa="false" schemaversion="2">
<suite id="s1" name="Add Cart" source="C:\Users\User\Desktop\TEST Dek-D\add_cart\add_cart.robot">
<test id="s1-t1" name="เพิ่มสินค้าลงตะกร้า Dek-D's Store Official ด้วย Chrome">
<kw name="Open Browser" library="SeleniumLibrary">
<arg>about:blank</arg>
<arg>chrome</arg>
<doc>Opens a new browser instance to the optional ``url``.</doc>
<msg timestamp="20210505 18:17:31.948" level="INFO">Opening browser 'chrome' to base url 'about:blank'.</msg>
<status status="PASS" starttime="20210505 18:17:31.948" endtime="20210505 18:17:33.169"/>
</kw>
<kw name="Maximize Browser Window" library="SeleniumLibrary">
<doc>Maximizes current browser window.</doc>
<status status="PASS" starttime="20210505 18:17:33.170" endtime="20210505 18:17:33.286"/>
</kw>
<kw name="Go To" library="SeleniumLibrary">
<arg>${url_Dekd_Store_Login}</arg>
<doc>Navigates the current browser window to the provided ``url``.</doc>
<msg timestamp="20210505 18:17:33.287" level="INFO">Opening url 'https://www.dekdstore.com/th/login'</msg>
<status status="PASS" starttime="20210505 18:17:33.287" endtime="20210505 18:17:35.455"/>
</kw>
<kw name="Verify DekD page">
<arg>${title_Dekd_Login}</arg>
<kw name="Title Should Be" library="SeleniumLibrary">
<arg>${title}</arg>
<doc>Verifies that the current page title equals ``title``.</doc>
<msg timestamp="20210505 18:17:35.461" level="INFO">Page title is 'เข้าสู่ระบบ - Dek-D's Store Official'.</msg>
<status status="PASS" starttime="20210505 18:17:35.456" endtime="20210505 18:17:35.461"/>
</kw>
<status status="PASS" starttime="20210505 18:17:35.456" endtime="20210505 18:17:35.461"/>
</kw>
<kw name="Input Information For Login">
<arg>${input_email}</arg>
<arg>${input_password}</arg>
<arg>${email_value}</arg>
<arg>${password_value}</arg>
<kw name="Element Should Be Visible" library="SeleniumLibrary">
<arg>${xpath_email}</arg>
<doc>Verifies that the element identified by ``locator`` is visible.</doc>
<msg timestamp="20210505 18:17:35.509" level="INFO">Element '//*[@id="email"]' is displayed.</msg>
<status status="PASS" starttime="20210505 18:17:35.463" endtime="20210505 18:17:35.509"/>
</kw>
<kw name="Element Should Be Visible" library="SeleniumLibrary">
<arg>${xpath_password}</arg>
<doc>Verifies that the element identified by ``locator`` is visible.</doc>
<msg timestamp="20210505 18:17:35.528" level="INFO">Element '//*[@id="password"]' is displayed.</msg>
<status status="PASS" starttime="20210505 18:17:35.509" endtime="20210505 18:17:35.528"/>
</kw>
<kw name="Input Text" library="SeleniumLibrary">
<arg>${xpath_email}</arg>
<arg>${email}</arg>
<doc>Types the given ``text`` into the text field identified by ``locator``.</doc>
<msg timestamp="20210505 18:17:35.528" level="INFO">Typing text 'pp_ben@hotmail.com' into text field '//*[@id="email"]'.</msg>
<status status="PASS" starttime="20210505 18:17:35.528" endtime="20210505 18:17:35.611"/>
</kw>
<kw name="Input Text" library="SeleniumLibrary">
<arg>${xpath_password}</arg>
<arg>${password}</arg>
<doc>Types the given ``text`` into the text field identified by ``locator``.</doc>
<msg timestamp="20210505 18:17:35.611" level="INFO">Typing text 'test123456789' into text field '//*[@id="password"]'.</msg>
<status status="PASS" starttime="20210505 18:17:35.611" endtime="20210505 18:17:35.695"/>
</kw>
<status status="PASS" starttime="20210505 18:17:35.462" endtime="20210505 18:17:35.695"/>
</kw>
<kw name="Click Button">
<arg>${btn_login}</arg>
<kw name="Element Should Be Visible" library="SeleniumLibrary">
<arg>${btn}</arg>
<doc>Verifies that the element identified by ``locator`` is visible.</doc>
<msg timestamp="20210505 18:17:35.723" level="INFO">Element '//*[@id="loginForm"]/button' is displayed.</msg>
<status status="PASS" starttime="20210505 18:17:35.696" endtime="20210505 18:17:35.723"/>
</kw>
<kw name="Click Element" library="SeleniumLibrary">
<arg>${btn}</arg>
<doc>Click the element identified by ``locator``.</doc>
<msg timestamp="20210505 18:17:35.724" level="INFO">Clicking element '//*[@id="loginForm"]/button'.</msg>
<status status="PASS" starttime="20210505 18:17:35.723" endtime="20210505 18:17:37.205"/>
</kw>
<status status="PASS" starttime="20210505 18:17:35.695" endtime="20210505 18:17:37.206"/>
</kw>
<kw name="Verify DekD page">
<arg>${title_DekD}</arg>
<kw name="Title Should Be" library="SeleniumLibrary">
<arg>${title}</arg>
<doc>Verifies that the current page title equals ``title``.</doc>
<msg timestamp="20210505 18:17:37.210" level="INFO">Page title is 'Dek-D's Store Official'.</msg>
<status status="PASS" starttime="20210505 18:17:37.207" endtime="20210505 18:17:37.210"/>
</kw>
<status status="PASS" starttime="20210505 18:17:37.206" endtime="20210505 18:17:37.210"/>
</kw>
<kw name="Execute Javascript" library="SeleniumLibrary">
<arg>window.scrollTo(0, 1400)</arg>
<doc>Executes the given JavaScript code with possible arguments.</doc>
<msg timestamp="20210505 18:17:37.212" level="INFO">Executing JavaScript:
window.scrollTo(0, 1400)
Without any arguments.</msg>
<status status="PASS" starttime="20210505 18:17:37.211" endtime="20210505 18:17:37.218"/>
</kw>
<kw name="Select Book">
<arg>${book}</arg>
<kw name="Element Should Be Visible" library="SeleniumLibrary">
<arg>${ele}</arg>
<doc>Verifies that the element identified by ``locator`` is visible.</doc>
<msg timestamp="20210505 18:17:37.256" level="INFO">Element '//*[@id="product-grid"]/li[1]/figure/a/img' is displayed.</msg>
<status status="PASS" starttime="20210505 18:17:37.219" endtime="20210505 18:17:37.256"/>
</kw>
<kw name="Click Element" library="SeleniumLibrary">
<arg>${ele}</arg>
<doc>Click the element identified by ``locator``.</doc>
<msg timestamp="20210505 18:17:37.257" level="INFO">Clicking element '//*[@id="product-grid"]/li[1]/figure/a/img'.</msg>
<status status="PASS" starttime="20210505 18:17:37.256" endtime="20210505 18:17:44.613"/>
</kw>
<status status="PASS" starttime="20210505 18:17:37.218" endtime="20210505 18:17:44.613"/>
</kw>
<kw name="Add To Cart">
<arg>${add_to_cart}</arg>
<kw name="Element Should Be Visible" library="SeleniumLibrary">
<arg>${ele}</arg>
<doc>Verifies that the element identified by ``locator`` is visible.</doc>
<msg timestamp="20210505 18:17:44.634" level="INFO">Element '//*[@id="order-btn"]' is displayed.</msg>
<status status="PASS" starttime="20210505 18:17:44.614" endtime="20210505 18:17:44.634"/>
</kw>
<kw name="Click Element" library="SeleniumLibrary">
<arg>${ele}</arg>
<doc>Click the element identified by ``locator``.</doc>
<msg timestamp="20210505 18:17:44.634" level="INFO">Clicking element '//*[@id="order-btn"]'.</msg>
<status status="PASS" starttime="20210505 18:17:44.634" endtime="20210505 18:17:44.703"/>
</kw>
<status status="PASS" starttime="20210505 18:17:44.614" endtime="20210505 18:17:44.703"/>
</kw>
<kw name="Sleep" library="BuiltIn">
<arg>1</arg>
<doc>Pauses the test executed for the given time.</doc>
<msg timestamp="20210505 18:17:45.716" level="INFO">Slept 1 second</msg>
<status status="PASS" starttime="20210505 18:17:44.704" endtime="20210505 18:17:45.716"/>
</kw>
<kw name="Capture Page Screenshot" library="SeleniumLibrary">
<arg>${TEST NAME}.png</arg>
<doc>Takes a screenshot of the current page and embeds it into a log file.</doc>
<msg timestamp="20210505 18:17:45.866" level="INFO" html="true">&lt;/td&gt;&lt;/tr&gt;&lt;tr&gt;&lt;td colspan="3"&gt;&lt;a href="%E0%B9%80%E0%B8%9E%E0%B8%B4%E0%B9%88%E0%B8%A1%E0%B8%AA%E0%B8%B4%E0%B8%99%E0%B8%84%E0%B9%89%E0%B8%B2%E0%B8%A5%E0%B8%87%E0%B8%95%E0%B8%B0%E0%B8%81%E0%B8%A3%E0%B9%89%E0%B8%B2%20Dek-D%27s%20Store%20Official%20%E0%B8%94%E0%B9%89%E0%B8%A7%E0%B8%A2%20Chrome.png"&gt;&lt;img src="%E0%B9%80%E0%B8%9E%E0%B8%B4%E0%B9%88%E0%B8%A1%E0%B8%AA%E0%B8%B4%E0%B8%99%E0%B8%84%E0%B9%89%E0%B8%B2%E0%B8%A5%E0%B8%87%E0%B8%95%E0%B8%B0%E0%B8%81%E0%B8%A3%E0%B9%89%E0%B8%B2%20Dek-D%27s%20Store%20Official%20%E0%B8%94%E0%B9%89%E0%B8%A7%E0%B8%A2%20Chrome.png" width="800px"&gt;&lt;/a&gt;</msg>
<status status="PASS" starttime="20210505 18:17:45.717" endtime="20210505 18:17:45.866"/>
</kw>
<status status="PASS" starttime="20210505 18:17:31.946" endtime="20210505 18:17:45.866"/>
</test>
<test id="s1-t2" name="ลบสินค้าลงตะกร้า Dek-D's Store Official ด้วย Chrome">
<kw name="Open Browser" library="SeleniumLibrary">
<arg>about:blank</arg>
<arg>chrome</arg>
<doc>Opens a new browser instance to the optional ``url``.</doc>
<msg timestamp="20210505 18:17:45.869" level="INFO">Opening browser 'chrome' to base url 'about:blank'.</msg>
<status status="PASS" starttime="20210505 18:17:45.868" endtime="20210505 18:17:47.101"/>
</kw>
<kw name="Maximize Browser Window" library="SeleniumLibrary">
<doc>Maximizes current browser window.</doc>
<status status="PASS" starttime="20210505 18:17:47.101" endtime="20210505 18:17:47.218"/>
</kw>
<kw name="Go To" library="SeleniumLibrary">
<arg>${url_Dekd_Store_Login}</arg>
<doc>Navigates the current browser window to the provided ``url``.</doc>
<msg timestamp="20210505 18:17:47.219" level="INFO">Opening url 'https://www.dekdstore.com/th/login'</msg>
<status status="PASS" starttime="20210505 18:17:47.218" endtime="20210505 18:17:51.456"/>
</kw>
<kw name="Verify DekD page">
<arg>${title_Dekd_Login}</arg>
<kw name="Title Should Be" library="SeleniumLibrary">
<arg>${title}</arg>
<doc>Verifies that the current page title equals ``title``.</doc>
<msg timestamp="20210505 18:17:51.466" level="INFO">Page title is 'เข้าสู่ระบบ - Dek-D's Store Official'.</msg>
<status status="PASS" starttime="20210505 18:17:51.457" endtime="20210505 18:17:51.466"/>
</kw>
<status status="PASS" starttime="20210505 18:17:51.457" endtime="20210505 18:17:51.466"/>
</kw>
<kw name="Input Information For Login">
<arg>${input_email}</arg>
<arg>${input_password}</arg>
<arg>${email_value}</arg>
<arg>${password_value}</arg>
<kw name="Element Should Be Visible" library="SeleniumLibrary">
<arg>${xpath_email}</arg>
<doc>Verifies that the element identified by ``locator`` is visible.</doc>
<msg timestamp="20210505 18:17:51.538" level="INFO">Element '//*[@id="email"]' is displayed.</msg>
<status status="PASS" starttime="20210505 18:17:51.468" endtime="20210505 18:17:51.539"/>
</kw>
<kw name="Element Should Be Visible" library="SeleniumLibrary">
<arg>${xpath_password}</arg>
<doc>Verifies that the element identified by ``locator`` is visible.</doc>
<msg timestamp="20210505 18:17:51.558" level="INFO">Element '//*[@id="password"]' is displayed.</msg>
<status status="PASS" starttime="20210505 18:17:51.539" endtime="20210505 18:17:51.558"/>
</kw>
<kw name="Input Text" library="SeleniumLibrary">
<arg>${xpath_email}</arg>
<arg>${email}</arg>
<doc>Types the given ``text`` into the text field identified by ``locator``.</doc>
<msg timestamp="20210505 18:17:51.559" level="INFO">Typing text 'pp_ben@hotmail.com' into text field '//*[@id="email"]'.</msg>
<status status="PASS" starttime="20210505 18:17:51.558" endtime="20210505 18:17:51.663"/>
</kw>
<kw name="Input Text" library="SeleniumLibrary">
<arg>${xpath_password}</arg>
<arg>${password}</arg>
<doc>Types the given ``text`` into the text field identified by ``locator``.</doc>
<msg timestamp="20210505 18:17:51.664" level="INFO">Typing text 'test123456789' into text field '//*[@id="password"]'.</msg>
<status status="PASS" starttime="20210505 18:17:51.664" endtime="20210505 18:17:51.755"/>
</kw>
<status status="PASS" starttime="20210505 18:17:51.467" endtime="20210505 18:17:51.755"/>
</kw>
<kw name="Click Button">
<arg>${btn_login}</arg>
<kw name="Element Should Be Visible" library="SeleniumLibrary">
<arg>${btn}</arg>
<doc>Verifies that the element identified by ``locator`` is visible.</doc>
<msg timestamp="20210505 18:17:51.776" level="INFO">Element '//*[@id="loginForm"]/button' is displayed.</msg>
<status status="PASS" starttime="20210505 18:17:51.756" endtime="20210505 18:17:51.777"/>
</kw>
<kw name="Click Element" library="SeleniumLibrary">
<arg>${btn}</arg>
<doc>Click the element identified by ``locator``.</doc>
<msg timestamp="20210505 18:17:51.778" level="INFO">Clicking element '//*[@id="loginForm"]/button'.</msg>
<status status="PASS" starttime="20210505 18:17:51.777" endtime="20210505 18:17:53.884"/>
</kw>
<status status="PASS" starttime="20210505 18:17:51.755" endtime="20210505 18:17:53.884"/>
</kw>
<kw name="Verify DekD page">
<arg>${title_DekD}</arg>
<kw name="Title Should Be" library="SeleniumLibrary">
<arg>${title}</arg>
<doc>Verifies that the current page title equals ``title``.</doc>
<msg timestamp="20210505 18:17:53.891" level="INFO">Page title is 'Dek-D's Store Official'.</msg>
<status status="PASS" starttime="20210505 18:17:53.885" endtime="20210505 18:17:53.891"/>
</kw>
<status status="PASS" starttime="20210505 18:17:53.885" endtime="20210505 18:17:53.891"/>
</kw>
<kw name="Remove From Cart">
<arg>${cart}</arg>
<arg>${remove_cart}</arg>
<kw name="Element Should Be Visible" library="SeleniumLibrary">
<arg>${ele}</arg>
<doc>Verifies that the element identified by ``locator`` is visible.</doc>
<msg timestamp="20210505 18:17:53.912" level="INFO">Element '//*[@id="shopping-cart-btn"]' is displayed.</msg>
<status status="PASS" starttime="20210505 18:17:53.892" endtime="20210505 18:17:53.912"/>
</kw>
<kw name="Click Element" library="SeleniumLibrary">
<arg>${ele}</arg>
<doc>Click the element identified by ``locator``.</doc>
<msg timestamp="20210505 18:17:53.912" level="INFO">Clicking element '//*[@id="shopping-cart-btn"]'.</msg>
<status status="PASS" starttime="20210505 18:17:53.912" endtime="20210505 18:17:54.004"/>
</kw>
<kw name="Sleep" library="BuiltIn">
<arg>1</arg>
<doc>Pauses the test executed for the given time.</doc>
<msg timestamp="20210505 18:17:55.016" level="INFO">Slept 1 second</msg>
<status status="PASS" starttime="20210505 18:17:54.004" endtime="20210505 18:17:55.016"/>
</kw>
<kw name="Element Should Be Visible" library="SeleniumLibrary">
<arg>${ele_x}</arg>
<doc>Verifies that the element identified by ``locator`` is visible.</doc>
<msg timestamp="20210505 18:17:55.167" level="INFO">Element '//*[@id="shoppingCartModal"]/div/div/div[2]/ul[1]/li/a' is displayed.</msg>
<status status="PASS" starttime="20210505 18:17:55.016" endtime="20210505 18:17:55.167"/>
</kw>
<kw name="Click Element" library="SeleniumLibrary">
<arg>${ele_x}</arg>
<doc>Click the element identified by ``locator``.</doc>
<msg timestamp="20210505 18:17:55.167" level="INFO">Clicking element '//*[@id="shoppingCartModal"]/div/div/div[2]/ul[1]/li/a'.</msg>
<status status="PASS" starttime="20210505 18:17:55.167" endtime="20210505 18:17:55.391"/>
</kw>
<status status="PASS" starttime="20210505 18:17:53.892" endtime="20210505 18:17:55.391"/>
</kw>
<kw name="Click Button">
<arg>${delete}</arg>
<kw name="Element Should Be Visible" library="SeleniumLibrary">
<arg>${btn}</arg>
<doc>Verifies that the element identified by ``locator`` is visible.</doc>
<msg timestamp="20210505 18:17:55.416" level="INFO">Element '//*[@class="swal2-confirm swal2-styled"]' is displayed.</msg>
<status status="PASS" starttime="20210505 18:17:55.392" endtime="20210505 18:17:55.416"/>
</kw>
<kw name="Click Element" library="SeleniumLibrary">
<arg>${btn}</arg>
<doc>Click the element identified by ``locator``.</doc>
<msg timestamp="20210505 18:17:55.416" level="INFO">Clicking element '//*[@class="swal2-confirm swal2-styled"]'.</msg>
<status status="PASS" starttime="20210505 18:17:55.416" endtime="20210505 18:17:55.460"/>
</kw>
<status status="PASS" starttime="20210505 18:17:55.392" endtime="20210505 18:17:55.460"/>
</kw>
<kw name="Sleep" library="BuiltIn">
<arg>1</arg>
<doc>Pauses the test executed for the given time.</doc>
<msg timestamp="20210505 18:17:56.472" level="INFO">Slept 1 second</msg>
<status status="PASS" starttime="20210505 18:17:55.461" endtime="20210505 18:17:56.472"/>
</kw>
<kw name="Capture Page Screenshot" library="SeleniumLibrary">
<arg>${DELETE TEST NAME}.png</arg>
<doc>Takes a screenshot of the current page and embeds it into a log file.</doc>
<msg timestamp="20210505 18:17:56.653" level="INFO" html="true">&lt;/td&gt;&lt;/tr&gt;&lt;tr&gt;&lt;td colspan="3"&gt;&lt;a href="%E0%B8%A5%E0%B8%9A%E0%B8%AA%E0%B8%B4%E0%B8%99%E0%B8%84%E0%B9%89%E0%B8%B2%E0%B8%AD%E0%B8%AD%E0%B8%81%E0%B8%88%E0%B8%B2%E0%B8%81%E0%B8%95%E0%B8%B0%E0%B8%81%E0%B8%A3%E0%B9%89%E0%B8%B2.png"&gt;&lt;img src="%E0%B8%A5%E0%B8%9A%E0%B8%AA%E0%B8%B4%E0%B8%99%E0%B8%84%E0%B9%89%E0%B8%B2%E0%B8%AD%E0%B8%AD%E0%B8%81%E0%B8%88%E0%B8%B2%E0%B8%81%E0%B8%95%E0%B8%B0%E0%B8%81%E0%B8%A3%E0%B9%89%E0%B8%B2.png" width="800px"&gt;&lt;/a&gt;</msg>
<status status="PASS" starttime="20210505 18:17:56.472" endtime="20210505 18:17:56.654"/>
</kw>
<status status="PASS" starttime="20210505 18:17:45.867" endtime="20210505 18:17:56.655"/>
</test>
<status status="PASS" starttime="20210505 18:17:31.727" endtime="20210505 18:17:56.656"/>
</suite>
<statistics>
<total>
<stat pass="2" fail="0" skip="0">All Tests</stat>
</total>
<tag>
</tag>
<suite>
<stat pass="2" fail="0" skip="0" id="s1" name="Add Cart">Add Cart</stat>
</suite>
</statistics>
<errors>
</errors>
</robot>
