<?xml version="1.0" encoding="UTF-8"?>
<robot generator="Robot 4.0.1 (Python 3.8.1 on win32)" generated="20210505 00:05:50.147" rpa="false" schemaversion="2">
<suite id="s1" name="Register" source="C:\Users\acer\Desktop\งาน\SW TEST\Dek-D_Store_Test\register(champ)\register.robot">
<test id="s1-t1" name="Register DekD Store">
<kw name="Open Browser" library="SeleniumLibrary">
<arg>about:blank</arg>
<arg>chrome</arg>
<doc>Opens a new browser instance to the optional ``url``.</doc>
<msg timestamp="20210505 00:05:50.671" level="INFO">Opening browser 'chrome' to base url 'about:blank'.</msg>
<status status="PASS" starttime="20210505 00:05:50.671" endtime="20210505 00:05:52.798"/>
</kw>
<kw name="Go To" library="SeleniumLibrary">
<arg>${url_Dekd_Store_Page}</arg>
<doc>Navigates the current browser window to the provided ``url``.</doc>
<msg timestamp="20210505 00:05:52.800" level="INFO">Opening url 'https://www.dekdstore.com/th/register'</msg>
<status status="PASS" starttime="20210505 00:05:52.799" endtime="20210505 00:05:57.630"/>
</kw>
<kw name="Verify DekD Register page">
<arg>${title_Dekd}</arg>
<kw name="Title Should Be" library="SeleniumLibrary">
<arg>${title}</arg>
<doc>Verifies that the current page title equals ``title``.</doc>
<msg timestamp="20210505 00:05:57.665" level="INFO">Page title is 'สร้างบัญชีสมาชิก / BentoWeb - Dek-D's Store Official'.</msg>
<status status="PASS" starttime="20210505 00:05:57.636" endtime="20210505 00:05:57.665"/>
</kw>
<status status="PASS" starttime="20210505 00:05:57.634" endtime="20210505 00:05:57.666"/>
</kw>
<kw name="Check Button Agreement">
<arg>${btn_agreement}</arg>
<kw name="Element Should Be Visible" library="SeleniumLibrary">
<arg>${btn}</arg>
<doc>Verifies that the element identified by ``locator`` is visible.</doc>
<msg timestamp="20210505 00:05:57.718" level="INFO">Element '//*[@for="privacyPolicy"]' is displayed.</msg>
<status status="PASS" starttime="20210505 00:05:57.668" endtime="20210505 00:05:57.719"/>
</kw>
<kw name="Click Element" library="SeleniumLibrary">
<arg>${btn}</arg>
<doc>Click the element identified by ``locator``.</doc>
<msg timestamp="20210505 00:05:57.719" level="INFO">Clicking element '//*[@for="privacyPolicy"]'.</msg>
<status status="PASS" starttime="20210505 00:05:57.719" endtime="20210505 00:05:57.862"/>
</kw>
<status status="PASS" starttime="20210505 00:05:57.666" endtime="20210505 00:05:57.862"/>
</kw>
<kw name="Click Button Register">
<arg>${btn_register}</arg>
<kw name="Element Should Be Visible" library="SeleniumLibrary">
<arg>${btn}</arg>
<doc>Verifies that the element identified by ``locator`` is visible.</doc>
<msg timestamp="20210505 00:05:57.921" level="INFO">Element '//*[@id="submitBtn"]' is displayed.</msg>
<status status="PASS" starttime="20210505 00:05:57.865" endtime="20210505 00:05:57.921"/>
</kw>
<kw name="Click Element" library="SeleniumLibrary">
<arg>${btn}</arg>
<doc>Click the element identified by ``locator``.</doc>
<msg timestamp="20210505 00:05:57.922" level="INFO">Clicking element '//*[@id="submitBtn"]'.</msg>
<status status="PASS" starttime="20210505 00:05:57.921" endtime="20210505 00:05:57.990"/>
</kw>
<status status="PASS" starttime="20210505 00:05:57.864" endtime="20210505 00:05:57.990"/>
</kw>
<kw name="Verify Register Fail">
<arg>${firstname_error}</arg>
<arg>${lastname_error}</arg>
<arg>${email_error}</arg>
<arg>${cemail_error}</arg>
<arg>${password_error}</arg>
<arg>${cpassword_error}</arg>
<kw name="Element Should Be Visible" library="SeleniumLibrary">
<arg>${xpath_firstname}</arg>
<doc>Verifies that the element identified by ``locator`` is visible.</doc>
<kw name="Capture Page Screenshot" library="SeleniumLibrary">
<doc>Takes a screenshot of the current page and embeds it into a log file.</doc>
<msg timestamp="20210505 00:05:58.290" level="INFO" html="true">&lt;/td&gt;&lt;/tr&gt;&lt;tr&gt;&lt;td colspan="3"&gt;&lt;a href="selenium-screenshot-4.png"&gt;&lt;img src="selenium-screenshot-4.png" width="800px"&gt;&lt;/a&gt;</msg>
<status status="PASS" starttime="20210505 00:05:58.010" endtime="20210505 00:05:58.290"/>
</kw>
<msg timestamp="20210505 00:05:58.445" level="FAIL">Element with locator '//*[@class="firstname-error"]' not found.</msg>
<status status="FAIL" starttime="20210505 00:05:57.993" endtime="20210505 00:05:58.446"/>
</kw>
<kw name="Element Should Be Visible" library="SeleniumLibrary">
<arg>${xpath_lastname}</arg>
<doc>Verifies that the element identified by ``locator`` is visible.</doc>
<status status="NOT RUN" starttime="20210505 00:05:58.446" endtime="20210505 00:05:58.446"/>
</kw>
<kw name="Element Should Be Visible" library="SeleniumLibrary">
<arg>${xpath_email}</arg>
<doc>Verifies that the element identified by ``locator`` is visible.</doc>
<status status="NOT RUN" starttime="20210505 00:05:58.446" endtime="20210505 00:05:58.446"/>
</kw>
<kw name="Element Should Be Visible" library="SeleniumLibrary">
<arg>${xpath_cemail}</arg>
<doc>Verifies that the element identified by ``locator`` is visible.</doc>
<status status="NOT RUN" starttime="20210505 00:05:58.448" endtime="20210505 00:05:58.448"/>
</kw>
<kw name="Element Should Be Visible" library="SeleniumLibrary">
<arg>${xpath_password}</arg>
<doc>Verifies that the element identified by ``locator`` is visible.</doc>
<status status="NOT RUN" starttime="20210505 00:05:58.448" endtime="20210505 00:05:58.448"/>
</kw>
<kw name="Element Should Be Visible" library="SeleniumLibrary">
<arg>${xpath_cpassword}</arg>
<doc>Verifies that the element identified by ``locator`` is visible.</doc>
<status status="NOT RUN" starttime="20210505 00:05:58.448" endtime="20210505 00:05:58.448"/>
</kw>
<status status="FAIL" starttime="20210505 00:05:57.991" endtime="20210505 00:05:58.449"/>
</kw>
<tag>fail</tag>
<status status="FAIL" starttime="20210505 00:05:50.668" endtime="20210505 00:05:58.450">Element with locator '//*[@class="firstname-error"]' not found.</status>
</test>
<status status="FAIL" starttime="20210505 00:05:50.152" endtime="20210505 00:05:58.454"/>
</suite>
<statistics>
<total>
<stat pass="0" fail="1" skip="0">All Tests</stat>
</total>
<tag>
<stat pass="0" fail="1" skip="0">fail</stat>
</tag>
<suite>
<stat pass="0" fail="1" skip="0" id="s1" name="Register">Register</stat>
</suite>
</statistics>
<errors>
</errors>
</robot>
