<?xml version="1.0" encoding="UTF-8"?>
<robot generator="Robot 4.0.1 (Python 3.8.1 on win32)" generated="20210505 16:32:04.261" rpa="false" schemaversion="2">
<suite id="s1" name="Logout" source="C:\Users\acer\Desktop\งาน\SW TEST\Dek-D_Store_Test\logout(champ)\logout.robot">
<test id="s1-t1" name="Logout- success">
<kw name="Open Browser" library="SeleniumLibrary">
<arg>about:blank</arg>
<arg>chrome</arg>
<doc>Opens a new browser instance to the optional ``url``.</doc>
<msg timestamp="20210505 16:32:04.730" level="INFO">Opening browser 'chrome' to base url 'about:blank'.</msg>
<status status="PASS" starttime="20210505 16:32:04.729" endtime="20210505 16:32:06.399"/>
</kw>
<kw name="Go To" library="SeleniumLibrary">
<arg>${url_Dekd_Store_Login_Page}</arg>
<doc>Navigates the current browser window to the provided ``url``.</doc>
<msg timestamp="20210505 16:32:06.400" level="INFO">Opening url 'https://www.dekdstore.com/th/login'</msg>
<status status="PASS" starttime="20210505 16:32:06.400" endtime="20210505 16:32:11.034"/>
</kw>
<kw name="Verify DekD Login page">
<arg>${title_login_page}</arg>
<kw name="Title Should Be" library="SeleniumLibrary">
<arg>${title}</arg>
<doc>Verifies that the current page title equals ``title``.</doc>
<msg timestamp="20210505 16:32:11.078" level="INFO">Page title is 'เข้าสู่ระบบ - Dek-D's Store Official'.</msg>
<status status="PASS" starttime="20210505 16:32:11.036" endtime="20210505 16:32:11.079"/>
</kw>
<status status="PASS" starttime="20210505 16:32:11.035" endtime="20210505 16:32:11.079"/>
</kw>
<kw name="Input Information For Login">
<arg>${input_email}</arg>
<arg>${input_password}</arg>
<arg>${email_success}</arg>
<arg>${password_success}</arg>
<kw name="Element Should Be Visible" library="SeleniumLibrary">
<arg>${xpath_email}</arg>
<doc>Verifies that the element identified by ``locator`` is visible.</doc>
<msg timestamp="20210505 16:32:11.118" level="INFO">Element '//input[@id='email']' is displayed.</msg>
<status status="PASS" starttime="20210505 16:32:11.082" endtime="20210505 16:32:11.119"/>
</kw>
<kw name="Element Should Be Visible" library="SeleniumLibrary">
<arg>${xpath_password}</arg>
<doc>Verifies that the element identified by ``locator`` is visible.</doc>
<msg timestamp="20210505 16:32:11.150" level="INFO">Element '//input[@id='password']' is displayed.</msg>
<status status="PASS" starttime="20210505 16:32:11.119" endtime="20210505 16:32:11.150"/>
</kw>
<kw name="Input Text" library="SeleniumLibrary">
<arg>${xpath_email}</arg>
<arg>${email}</arg>
<doc>Types the given ``text`` into the text field identified by ``locator``.</doc>
<msg timestamp="20210505 16:32:11.151" level="INFO">Typing text 'champza699@hotmail.com' into text field '//input[@id='email']'.</msg>
<status status="PASS" starttime="20210505 16:32:11.150" endtime="20210505 16:32:11.299"/>
</kw>
<kw name="Input Text" library="SeleniumLibrary">
<arg>${xpath_password}</arg>
<arg>${password}</arg>
<doc>Types the given ``text`` into the text field identified by ``locator``.</doc>
<msg timestamp="20210505 16:32:11.301" level="INFO">Typing text '699champza' into text field '//input[@id='password']'.</msg>
<status status="PASS" starttime="20210505 16:32:11.300" endtime="20210505 16:32:11.450"/>
</kw>
<status status="PASS" starttime="20210505 16:32:11.080" endtime="20210505 16:32:11.450"/>
</kw>
<kw name="Click Login Button">
<arg>${btn_login}</arg>
<kw name="Element Should Be Visible" library="SeleniumLibrary">
<arg>${btn}</arg>
<doc>Verifies that the element identified by ``locator`` is visible.</doc>
<msg timestamp="20210505 16:32:11.480" level="INFO">Element '//button[@class='btn btn-primary btn-block btn-lg']' is displayed.</msg>
<status status="PASS" starttime="20210505 16:32:11.452" endtime="20210505 16:32:11.480"/>
</kw>
<kw name="Click Element" library="SeleniumLibrary">
<arg>${btn}</arg>
<doc>Click the element identified by ``locator``.</doc>
<msg timestamp="20210505 16:32:11.481" level="INFO">Clicking element '//button[@class='btn btn-primary btn-block btn-lg']'.</msg>
<status status="PASS" starttime="20210505 16:32:11.480" endtime="20210505 16:32:15.364"/>
</kw>
<status status="PASS" starttime="20210505 16:32:11.451" endtime="20210505 16:32:15.364"/>
</kw>
<kw name="Verify DekD Home page">
<arg>${title_home_page}</arg>
<kw name="Title Should Be" library="SeleniumLibrary">
<arg>${title}</arg>
<doc>Verifies that the current page title equals ``title``.</doc>
<msg timestamp="20210505 16:32:15.375" level="INFO">Page title is 'Dek-D's Store Official'.</msg>
<status status="PASS" starttime="20210505 16:32:15.366" endtime="20210505 16:32:15.375"/>
</kw>
<status status="PASS" starttime="20210505 16:32:15.365" endtime="20210505 16:32:15.375"/>
</kw>
<kw name="Click Open Menu and Click to Logout">
<arg>${open_menu}</arg>
<arg>${btn_to_logout}</arg>
<kw name="Element Should Be Visible" library="SeleniumLibrary">
<arg>${btn}</arg>
<doc>Verifies that the element identified by ``locator`` is visible.</doc>
<msg timestamp="20210505 16:32:15.407" level="INFO">Element '//li[@class='login-menu']/a' is displayed.</msg>
<status status="PASS" starttime="20210505 16:32:15.377" endtime="20210505 16:32:15.408"/>
</kw>
<kw name="Click Element" library="SeleniumLibrary">
<arg>${btn}</arg>
<doc>Click the element identified by ``locator``.</doc>
<msg timestamp="20210505 16:32:15.408" level="INFO">Clicking element '//li[@class='login-menu']/a'.</msg>
<status status="PASS" starttime="20210505 16:32:15.408" endtime="20210505 16:32:15.488"/>
</kw>
<kw name="Element Should Be Visible" library="SeleniumLibrary">
<arg>${btn_logout}</arg>
<doc>Verifies that the element identified by ``locator`` is visible.</doc>
<msg timestamp="20210505 16:32:15.526" level="INFO">Element '//li[@class='login-menu open']/ul[@class='dropdown-menu -right']/li[6]' is displayed.</msg>
<status status="PASS" starttime="20210505 16:32:15.488" endtime="20210505 16:32:15.526"/>
</kw>
<kw name="Click Element" library="SeleniumLibrary">
<arg>${btn_logout}</arg>
<doc>Click the element identified by ``locator``.</doc>
<msg timestamp="20210505 16:32:15.527" level="INFO">Clicking element '//li[@class='login-menu open']/ul[@class='dropdown-menu -right']/li[6]'.</msg>
<status status="PASS" starttime="20210505 16:32:15.526" endtime="20210505 16:32:17.650"/>
</kw>
<status status="PASS" starttime="20210505 16:32:15.376" endtime="20210505 16:32:17.651"/>
</kw>
<tag>success</tag>
<status status="PASS" starttime="20210505 16:32:04.727" endtime="20210505 16:32:17.652"/>
</test>
<status status="PASS" starttime="20210505 16:32:04.264" endtime="20210505 16:32:17.656"/>
</suite>
<statistics>
<total>
<stat pass="1" fail="0" skip="0">All Tests</stat>
</total>
<tag>
<stat pass="1" fail="0" skip="0">success</stat>
</tag>
<suite>
<stat pass="1" fail="0" skip="0" id="s1" name="Logout">Logout</stat>
</suite>
</statistics>
<errors>
</errors>
</robot>
