<?xml version="1.0" encoding="UTF-8"?>
<robot generator="Robot 4.0.1 (Python 3.9.4 on darwin)" generated="20210506 02:56:31.383" rpa="false" schemaversion="2">
<suite id="s1" name="Login" source="/Users/memory/Documents/GitHub/Dek-D_Store_Test/loginMem/login.robot">
<test id="s1-t1" name="Login DekD Store- Success">
<kw name="Open Browser" library="SeleniumLibrary">
<arg>about:blank</arg>
<arg>chrome</arg>
<doc>Opens a new browser instance to the optional ``url``.</doc>
<msg timestamp="20210506 02:56:31.600" level="INFO">Opening browser 'chrome' to base url 'about:blank'.</msg>
<status status="PASS" starttime="20210506 02:56:31.599" endtime="20210506 02:56:34.043"/>
</kw>
<kw name="Go To" library="SeleniumLibrary">
<arg>${url_Dekd_Store_Login_Page}</arg>
<doc>Navigates the current browser window to the provided ``url``.</doc>
<msg timestamp="20210506 02:56:34.044" level="INFO">Opening url 'https://www.dekdstore.com/th/login'</msg>
<status status="PASS" starttime="20210506 02:56:34.043" endtime="20210506 02:56:38.752"/>
</kw>
<kw name="Verify DekD Login page">
<arg>${title_Dekd_Login}</arg>
<kw name="Title Should Be" library="SeleniumLibrary">
<arg>${title}</arg>
<doc>Verifies that the current page title equals ``title``.</doc>
<msg timestamp="20210506 02:56:38.775" level="INFO">Page title is 'เข้าสู่ระบบ - Dek-D's Store Official'.</msg>
<status status="PASS" starttime="20210506 02:56:38.754" endtime="20210506 02:56:38.775"/>
</kw>
<status status="PASS" starttime="20210506 02:56:38.752" endtime="20210506 02:56:38.776"/>
</kw>
<kw name="Input Information For Login">
<arg>${input_username}</arg>
<arg>${input_password}</arg>
<arg>${username_success}</arg>
<arg>${password_success}</arg>
<kw name="Element Should Be Visible" library="SeleniumLibrary">
<arg>${xpath_username}</arg>
<doc>Verifies that the element identified by ``locator`` is visible.</doc>
<msg timestamp="20210506 02:56:38.797" level="INFO">Element '//input[@id='email']' is displayed.</msg>
<status status="PASS" starttime="20210506 02:56:38.776" endtime="20210506 02:56:38.797"/>
</kw>
<kw name="Element Should Be Visible" library="SeleniumLibrary">
<arg>${xpath_password}</arg>
<doc>Verifies that the element identified by ``locator`` is visible.</doc>
<msg timestamp="20210506 02:56:38.815" level="INFO">Element '//input[@id='password']' is displayed.</msg>
<status status="PASS" starttime="20210506 02:56:38.797" endtime="20210506 02:56:38.815"/>
</kw>
<kw name="Input Text" library="SeleniumLibrary">
<arg>${xpath_username}</arg>
<arg>${username}</arg>
<doc>Types the given ``text`` into the text field identified by ``locator``.</doc>
<msg timestamp="20210506 02:56:38.815" level="INFO">Typing text '61070017@it.kmitl.ac.th' into text field '//input[@id='email']'.</msg>
<status status="PASS" starttime="20210506 02:56:38.815" endtime="20210506 02:56:39.008"/>
</kw>
<kw name="Input Text" library="SeleniumLibrary">
<arg>${xpath_password}</arg>
<arg>${password}</arg>
<doc>Types the given ``text`` into the text field identified by ``locator``.</doc>
<msg timestamp="20210506 02:56:39.009" level="INFO">Typing text '61070017' into text field '//input[@id='password']'.</msg>
<status status="PASS" starttime="20210506 02:56:39.008" endtime="20210506 02:56:39.097"/>
</kw>
<status status="PASS" starttime="20210506 02:56:38.776" endtime="20210506 02:56:39.097"/>
</kw>
<kw name="Click Button Login">
<arg>${btn_login}</arg>
<kw name="Element Should Be Visible" library="SeleniumLibrary">
<arg>${btn}</arg>
<doc>Verifies that the element identified by ``locator`` is visible.</doc>
<msg timestamp="20210506 02:56:39.116" level="INFO">Element '//button[contains(text(),'เข้าสู่ระบบ')]' is displayed.</msg>
<status status="PASS" starttime="20210506 02:56:39.099" endtime="20210506 02:56:39.116"/>
</kw>
<kw name="Click Element" library="SeleniumLibrary">
<arg>${btn}</arg>
<doc>Click the element identified by ``locator``.</doc>
<msg timestamp="20210506 02:56:39.117" level="INFO">Clicking element '//button[contains(text(),'เข้าสู่ระบบ')]'.</msg>
<status status="PASS" starttime="20210506 02:56:39.117" endtime="20210506 02:56:42.290"/>
</kw>
<status status="PASS" starttime="20210506 02:56:39.098" endtime="20210506 02:56:42.291"/>
</kw>
<kw name="Verify DekD Home page">
<arg>${title_Dekd_Home}</arg>
<kw name="Title Should Be" library="SeleniumLibrary">
<arg>${title}</arg>
<doc>Verifies that the current page title equals ``title``.</doc>
<msg timestamp="20210506 02:56:42.295" level="INFO">Page title is 'Dek-D's Store Official'.</msg>
<status status="PASS" starttime="20210506 02:56:42.291" endtime="20210506 02:56:42.295"/>
</kw>
<status status="PASS" starttime="20210506 02:56:42.291" endtime="20210506 02:56:42.296"/>
</kw>
<tag>success</tag>
<status status="PASS" starttime="20210506 02:56:31.599" endtime="20210506 02:56:42.296"/>
</test>
<test id="s1-t2" name="Login DekD Store- Fail">
<kw name="Open Browser" library="SeleniumLibrary">
<arg>about:blank</arg>
<arg>chrome</arg>
<doc>Opens a new browser instance to the optional ``url``.</doc>
<msg timestamp="20210506 02:56:42.298" level="INFO">Opening browser 'chrome' to base url 'about:blank'.</msg>
<status status="PASS" starttime="20210506 02:56:42.297" endtime="20210506 02:56:44.418"/>
</kw>
<kw name="Go To" library="SeleniumLibrary">
<arg>${url_Dekd_Store_Login_Page}</arg>
<doc>Navigates the current browser window to the provided ``url``.</doc>
<msg timestamp="20210506 02:56:44.419" level="INFO">Opening url 'https://www.dekdstore.com/th/login'</msg>
<status status="PASS" starttime="20210506 02:56:44.418" endtime="20210506 02:56:48.461"/>
</kw>
<kw name="Verify DekD Login page">
<arg>${title_Dekd_Login}</arg>
<kw name="Title Should Be" library="SeleniumLibrary">
<arg>${title}</arg>
<doc>Verifies that the current page title equals ``title``.</doc>
<msg timestamp="20210506 02:56:48.468" level="INFO">Page title is 'เข้าสู่ระบบ - Dek-D's Store Official'.</msg>
<status status="PASS" starttime="20210506 02:56:48.462" endtime="20210506 02:56:48.468"/>
</kw>
<status status="PASS" starttime="20210506 02:56:48.461" endtime="20210506 02:56:48.469"/>
</kw>
<kw name="Input Information For Login">
<arg>${input_username}</arg>
<arg>${input_password}</arg>
<arg>${username_fail}</arg>
<arg>${password_fail}</arg>
<kw name="Element Should Be Visible" library="SeleniumLibrary">
<arg>${xpath_username}</arg>
<doc>Verifies that the element identified by ``locator`` is visible.</doc>
<msg timestamp="20210506 02:56:48.500" level="INFO">Element '//input[@id='email']' is displayed.</msg>
<status status="PASS" starttime="20210506 02:56:48.470" endtime="20210506 02:56:48.500"/>
</kw>
<kw name="Element Should Be Visible" library="SeleniumLibrary">
<arg>${xpath_password}</arg>
<doc>Verifies that the element identified by ``locator`` is visible.</doc>
<msg timestamp="20210506 02:56:48.520" level="INFO">Element '//input[@id='password']' is displayed.</msg>
<status status="PASS" starttime="20210506 02:56:48.500" endtime="20210506 02:56:48.520"/>
</kw>
<kw name="Input Text" library="SeleniumLibrary">
<arg>${xpath_username}</arg>
<arg>${username}</arg>
<doc>Types the given ``text`` into the text field identified by ``locator``.</doc>
<msg timestamp="20210506 02:56:48.520" level="INFO">Typing text '61070017@it.kmitl.ac.th' into text field '//input[@id='email']'.</msg>
<status status="PASS" starttime="20210506 02:56:48.520" endtime="20210506 02:56:48.655"/>
</kw>
<kw name="Input Text" library="SeleniumLibrary">
<arg>${xpath_password}</arg>
<arg>${password}</arg>
<doc>Types the given ``text`` into the text field identified by ``locator``.</doc>
<msg timestamp="20210506 02:56:48.656" level="INFO">Typing text '61070018' into text field '//input[@id='password']'.</msg>
<status status="PASS" starttime="20210506 02:56:48.655" endtime="20210506 02:56:48.735"/>
</kw>
<status status="PASS" starttime="20210506 02:56:48.469" endtime="20210506 02:56:48.735"/>
</kw>
<kw name="Click Button Login">
<arg>${btn_login}</arg>
<kw name="Element Should Be Visible" library="SeleniumLibrary">
<arg>${btn}</arg>
<doc>Verifies that the element identified by ``locator`` is visible.</doc>
<msg timestamp="20210506 02:56:48.755" level="INFO">Element '//button[contains(text(),'เข้าสู่ระบบ')]' is displayed.</msg>
<status status="PASS" starttime="20210506 02:56:48.736" endtime="20210506 02:56:48.755"/>
</kw>
<kw name="Click Element" library="SeleniumLibrary">
<arg>${btn}</arg>
<doc>Click the element identified by ``locator``.</doc>
<msg timestamp="20210506 02:56:48.755" level="INFO">Clicking element '//button[contains(text(),'เข้าสู่ระบบ')]'.</msg>
<kw name="Capture Page Screenshot" library="SeleniumLibrary">
<doc>Takes a screenshot of the current page and embeds it into a log file.</doc>
<msg timestamp="20210506 02:56:50.104" level="INFO" html="true">&lt;/td&gt;&lt;/tr&gt;&lt;tr&gt;&lt;td colspan="3"&gt;&lt;a href="selenium-screenshot-6.png"&gt;&lt;img src="selenium-screenshot-6.png" width="800px"&gt;&lt;/a&gt;</msg>
<status status="PASS" starttime="20210506 02:56:49.813" endtime="20210506 02:56:50.104"/>
</kw>
<msg timestamp="20210506 02:56:50.115" level="FAIL">ElementClickInterceptedException: Message: element click intercepted: Element &lt;button type="submit" class="btn btn-primary btn-block btn-lg"&gt;...&lt;/button&gt; is not clickable at point (892, 616). Other element would receive the click: &lt;div class="cookies-bar navbar-fixed-bottom" id="cookiesBanner"&gt;...&lt;/div&gt;
  (Session info: chrome=90.0.4430.93)
</msg>
<status status="FAIL" starttime="20210506 02:56:48.755" endtime="20210506 02:56:50.115"/>
</kw>
<status status="FAIL" starttime="20210506 02:56:48.735" endtime="20210506 02:56:50.115"/>
</kw>
<kw name="Verify DekD Home page">
<arg>${title_Dekd_Home}</arg>
<status status="NOT RUN" starttime="20210506 02:56:50.115" endtime="20210506 02:56:50.115"/>
</kw>
<tag>success</tag>
<status status="FAIL" starttime="20210506 02:56:42.297" endtime="20210506 02:56:50.116">ElementClickInterceptedException: Message: element click intercepted: Element &lt;button type="submit" class="btn btn-primary btn-block btn-lg"&gt;...&lt;/button&gt; is not clickable at point (892, 616). Other element would receive the click: &lt;div class="cookies-bar navbar-fixed-bottom" id="cookiesBanner"&gt;...&lt;/div&gt;
  (Session info: chrome=90.0.4430.93)
</status>
</test>
<test id="s1-t3" name="Facebook Login Dekd Store- Fail">
<kw name="Open Browser" library="SeleniumLibrary">
<arg>about:blank</arg>
<arg>chrome</arg>
<doc>Opens a new browser instance to the optional ``url``.</doc>
<msg timestamp="20210506 02:56:50.117" level="INFO">Opening browser 'chrome' to base url 'about:blank'.</msg>
<status status="PASS" starttime="20210506 02:56:50.117" endtime="20210506 02:56:52.323"/>
</kw>
<kw name="Go To" library="SeleniumLibrary">
<arg>${url_Dekd_Store_Login_Page}</arg>
<doc>Navigates the current browser window to the provided ``url``.</doc>
<msg timestamp="20210506 02:56:52.324" level="INFO">Opening url 'https://www.dekdstore.com/th/login'</msg>
<status status="PASS" starttime="20210506 02:56:52.324" endtime="20210506 02:56:56.770"/>
</kw>
<kw name="Verify DekD Login page">
<arg>${title_Dekd_Login}</arg>
<kw name="Title Should Be" library="SeleniumLibrary">
<arg>${title}</arg>
<doc>Verifies that the current page title equals ``title``.</doc>
<msg timestamp="20210506 02:56:56.795" level="INFO">Page title is 'เข้าสู่ระบบ - Dek-D's Store Official'.</msg>
<status status="PASS" starttime="20210506 02:56:56.772" endtime="20210506 02:56:56.795"/>
</kw>
<status status="PASS" starttime="20210506 02:56:56.771" endtime="20210506 02:56:56.795"/>
</kw>
<kw name="Click Button Login">
<arg>${input_facebook}</arg>
<kw name="Element Should Be Visible" library="SeleniumLibrary">
<arg>${btn}</arg>
<doc>Verifies that the element identified by ``locator`` is visible.</doc>
<kw name="Capture Page Screenshot" library="SeleniumLibrary">
<doc>Takes a screenshot of the current page and embeds it into a log file.</doc>
<msg timestamp="20210506 02:56:57.364" level="INFO" html="true">&lt;/td&gt;&lt;/tr&gt;&lt;tr&gt;&lt;td colspan="3"&gt;&lt;a href="selenium-screenshot-7.png"&gt;&lt;img src="selenium-screenshot-7.png" width="800px"&gt;&lt;/a&gt;</msg>
<status status="PASS" starttime="20210506 02:56:56.810" endtime="20210506 02:56:57.364"/>
</kw>
<msg timestamp="20210506 02:56:57.366" level="FAIL">Element with locator '//body/div[2]/ul[2]/li[1]/div[1]/a[1]' not found.</msg>
<status status="FAIL" starttime="20210506 02:56:56.796" endtime="20210506 02:56:57.366"/>
</kw>
<kw name="Click Element" library="SeleniumLibrary">
<arg>${btn}</arg>
<doc>Click the element identified by ``locator``.</doc>
<status status="NOT RUN" starttime="20210506 02:56:57.366" endtime="20210506 02:56:57.366"/>
</kw>
<status status="FAIL" starttime="20210506 02:56:56.796" endtime="20210506 02:56:57.367"/>
</kw>
<kw name="Verify DekD Login page">
<arg>${title_Dekd_facebook}</arg>
<status status="NOT RUN" starttime="20210506 02:56:57.367" endtime="20210506 02:56:57.367"/>
</kw>
<kw name="Input Information For Login">
<arg>${intput_username_facebook}</arg>
<arg>${intput_password_facebook}</arg>
<arg>${username_fail}</arg>
<arg>${password_fail}</arg>
<status status="NOT RUN" starttime="20210506 02:56:57.367" endtime="20210506 02:56:57.367"/>
</kw>
<kw name="Click Button Login">
<arg>${btn_login_facebook}</arg>
<status status="NOT RUN" starttime="20210506 02:56:57.367" endtime="20210506 02:56:57.367"/>
</kw>
<kw name="Verify DekD Home page">
<arg>${title_Dekd_Home}</arg>
<status status="NOT RUN" starttime="20210506 02:56:57.367" endtime="20210506 02:56:57.367"/>
</kw>
<tag>success</tag>
<status status="FAIL" starttime="20210506 02:56:50.116" endtime="20210506 02:56:57.368">Element with locator '//body/div[2]/ul[2]/li[1]/div[1]/a[1]' not found.</status>
</test>
<status status="FAIL" starttime="20210506 02:56:31.384" endtime="20210506 02:56:57.369"/>
</suite>
<statistics>
<total>
<stat pass="1" fail="2" skip="0">All Tests</stat>
</total>
<tag>
<stat pass="1" fail="2" skip="0">success</stat>
</tag>
<suite>
<stat pass="1" fail="2" skip="0" id="s1" name="Login">Login</stat>
</suite>
</statistics>
<errors>
</errors>
</robot>
