<?xml version="1.0" encoding="UTF-8"?>
<robot generator="Robot 4.0.1 (Python 3.8.1 on win32)" generated="20210506 04:10:09.810" rpa="false" schemaversion="2">
<suite id="s1" name="Login" source="C:\Users\cynbe\Documents\GitHub\Dek-D_Store_Test\loginMem\login.robot">
<test id="s1-t1" name="Login DekD Store- Success">
<kw name="Open Browser" library="SeleniumLibrary">
<arg>about:blank</arg>
<arg>chrome</arg>
<doc>Opens a new browser instance to the optional ``url``.</doc>
<msg timestamp="20210506 04:10:10.156" level="INFO">Opening browser 'chrome' to base url 'about:blank'.</msg>
<status status="PASS" starttime="20210506 04:10:10.155" endtime="20210506 04:10:12.471"/>
</kw>
<kw name="Go To" library="SeleniumLibrary">
<arg>${url_Dekd_Store_Login_Page}</arg>
<doc>Navigates the current browser window to the provided ``url``.</doc>
<msg timestamp="20210506 04:10:12.473" level="INFO">Opening url 'https://www.dekdstore.com/th/login'</msg>
<status status="PASS" starttime="20210506 04:10:12.472" endtime="20210506 04:10:16.416"/>
</kw>
<kw name="Verify DekD Login page">
<arg>${title_Dekd_Login}</arg>
<kw name="Title Should Be" library="SeleniumLibrary">
<arg>${title}</arg>
<doc>Verifies that the current page title equals ``title``.</doc>
<msg timestamp="20210506 04:10:16.424" level="INFO">Page title is 'เข้าสู่ระบบ - Dek-D's Store Official'.</msg>
<status status="PASS" starttime="20210506 04:10:16.418" endtime="20210506 04:10:16.424"/>
</kw>
<status status="PASS" starttime="20210506 04:10:16.417" endtime="20210506 04:10:16.425"/>
</kw>
<kw name="Input Information For Login">
<arg>${input_username}</arg>
<arg>${input_password}</arg>
<arg>${username_success}</arg>
<arg>${password_success}</arg>
<kw name="Element Should Be Visible" library="SeleniumLibrary">
<arg>${xpath_username}</arg>
<doc>Verifies that the element identified by ``locator`` is visible.</doc>
<msg timestamp="20210506 04:10:16.462" level="INFO">Element '//input[@id='email']' is displayed.</msg>
<status status="PASS" starttime="20210506 04:10:16.427" endtime="20210506 04:10:16.462"/>
</kw>
<kw name="Element Should Be Visible" library="SeleniumLibrary">
<arg>${xpath_password}</arg>
<doc>Verifies that the element identified by ``locator`` is visible.</doc>
<msg timestamp="20210506 04:10:16.490" level="INFO">Element '//input[@id='password']' is displayed.</msg>
<status status="PASS" starttime="20210506 04:10:16.462" endtime="20210506 04:10:16.490"/>
</kw>
<kw name="Input Text" library="SeleniumLibrary">
<arg>${xpath_username}</arg>
<arg>${username}</arg>
<doc>Types the given ``text`` into the text field identified by ``locator``.</doc>
<msg timestamp="20210506 04:10:16.491" level="INFO">Typing text '61070017@it.kmitl.ac.th' into text field '//input[@id='email']'.</msg>
<status status="PASS" starttime="20210506 04:10:16.491" endtime="20210506 04:10:16.635"/>
</kw>
<kw name="Input Text" library="SeleniumLibrary">
<arg>${xpath_password}</arg>
<arg>${password}</arg>
<doc>Types the given ``text`` into the text field identified by ``locator``.</doc>
<msg timestamp="20210506 04:10:16.636" level="INFO">Typing text '61070017' into text field '//input[@id='password']'.</msg>
<status status="PASS" starttime="20210506 04:10:16.635" endtime="20210506 04:10:16.742"/>
</kw>
<status status="PASS" starttime="20210506 04:10:16.426" endtime="20210506 04:10:16.743"/>
</kw>
<kw name="Click Button Login">
<arg>${btn_login}</arg>
<kw name="Element Should Be Visible" library="SeleniumLibrary">
<arg>${btn}</arg>
<doc>Verifies that the element identified by ``locator`` is visible.</doc>
<msg timestamp="20210506 04:10:16.925" level="INFO">Element '//button[contains(text(),'เข้าสู่ระบบ')]' is displayed.</msg>
<status status="PASS" starttime="20210506 04:10:16.745" endtime="20210506 04:10:16.925"/>
</kw>
<kw name="Click Element" library="SeleniumLibrary">
<arg>${btn}</arg>
<doc>Click the element identified by ``locator``.</doc>
<msg timestamp="20210506 04:10:16.926" level="INFO">Clicking element '//button[contains(text(),'เข้าสู่ระบบ')]'.</msg>
<kw name="Capture Page Screenshot" library="SeleniumLibrary">
<doc>Takes a screenshot of the current page and embeds it into a log file.</doc>
<msg timestamp="20210506 04:10:18.132" level="INFO" html="true">&lt;/td&gt;&lt;/tr&gt;&lt;tr&gt;&lt;td colspan="3"&gt;&lt;a href="selenium-screenshot-20.png"&gt;&lt;img src="selenium-screenshot-20.png" width="800px"&gt;&lt;/a&gt;</msg>
<status status="PASS" starttime="20210506 04:10:17.992" endtime="20210506 04:10:18.132"/>
</kw>
<msg timestamp="20210506 04:10:18.136" level="FAIL">ElementClickInterceptedException: Message: element click intercepted: Element &lt;button type="submit" class="btn btn-primary btn-block btn-lg"&gt;...&lt;/button&gt; is not clickable at point (752, 634). Other element would receive the click: &lt;div&gt;...&lt;/div&gt;
  (Session info: chrome=90.0.4430.93)
</msg>
<status status="FAIL" starttime="20210506 04:10:16.925" endtime="20210506 04:10:18.136"/>
</kw>
<status status="FAIL" starttime="20210506 04:10:16.744" endtime="20210506 04:10:18.137"/>
</kw>
<kw name="Verify DekD Home page">
<arg>${title_Dekd_Home}</arg>
<status status="NOT RUN" starttime="20210506 04:10:18.139" endtime="20210506 04:10:18.139"/>
</kw>
<tag>success</tag>
<status status="FAIL" starttime="20210506 04:10:10.152" endtime="20210506 04:10:18.142">ElementClickInterceptedException: Message: element click intercepted: Element &lt;button type="submit" class="btn btn-primary btn-block btn-lg"&gt;...&lt;/button&gt; is not clickable at point (752, 634). Other element would receive the click: &lt;div&gt;...&lt;/div&gt;
  (Session info: chrome=90.0.4430.93)
</status>
</test>
<test id="s1-t2" name="Login DekD Store- Fail">
<kw name="Open Browser" library="SeleniumLibrary">
<arg>about:blank</arg>
<arg>chrome</arg>
<doc>Opens a new browser instance to the optional ``url``.</doc>
<msg timestamp="20210506 04:10:18.155" level="INFO">Opening browser 'chrome' to base url 'about:blank'.</msg>
<status status="PASS" starttime="20210506 04:10:18.153" endtime="20210506 04:10:19.809"/>
</kw>
<kw name="Go To" library="SeleniumLibrary">
<arg>${url_Dekd_Store_Login_Page}</arg>
<doc>Navigates the current browser window to the provided ``url``.</doc>
<msg timestamp="20210506 04:10:19.811" level="INFO">Opening url 'https://www.dekdstore.com/th/login'</msg>
<status status="PASS" starttime="20210506 04:10:19.810" endtime="20210506 04:10:25.490"/>
</kw>
<kw name="Verify DekD Login page">
<arg>${title_Dekd_Login}</arg>
<kw name="Title Should Be" library="SeleniumLibrary">
<arg>${title}</arg>
<doc>Verifies that the current page title equals ``title``.</doc>
<msg timestamp="20210506 04:10:25.500" level="INFO">Page title is 'เข้าสู่ระบบ - Dek-D's Store Official'.</msg>
<status status="PASS" starttime="20210506 04:10:25.494" endtime="20210506 04:10:25.500"/>
</kw>
<status status="PASS" starttime="20210506 04:10:25.493" endtime="20210506 04:10:25.500"/>
</kw>
<kw name="Input Information For Login">
<arg>${input_username}</arg>
<arg>${input_password}</arg>
<arg>${username_fail}</arg>
<arg>${password_fail}</arg>
<kw name="Element Should Be Visible" library="SeleniumLibrary">
<arg>${xpath_username}</arg>
<doc>Verifies that the element identified by ``locator`` is visible.</doc>
<msg timestamp="20210506 04:10:25.543" level="INFO">Element '//input[@id='email']' is displayed.</msg>
<status status="PASS" starttime="20210506 04:10:25.502" endtime="20210506 04:10:25.544"/>
</kw>
<kw name="Element Should Be Visible" library="SeleniumLibrary">
<arg>${xpath_password}</arg>
<doc>Verifies that the element identified by ``locator`` is visible.</doc>
<msg timestamp="20210506 04:10:25.583" level="INFO">Element '//input[@id='password']' is displayed.</msg>
<status status="PASS" starttime="20210506 04:10:25.544" endtime="20210506 04:10:25.583"/>
</kw>
<kw name="Input Text" library="SeleniumLibrary">
<arg>${xpath_username}</arg>
<arg>${username}</arg>
<doc>Types the given ``text`` into the text field identified by ``locator``.</doc>
<msg timestamp="20210506 04:10:25.584" level="INFO">Typing text '61070017@it.kmitl.ac.th' into text field '//input[@id='email']'.</msg>
<status status="PASS" starttime="20210506 04:10:25.583" endtime="20210506 04:10:25.764"/>
</kw>
<kw name="Input Text" library="SeleniumLibrary">
<arg>${xpath_password}</arg>
<arg>${password}</arg>
<doc>Types the given ``text`` into the text field identified by ``locator``.</doc>
<msg timestamp="20210506 04:10:25.765" level="INFO">Typing text '61070018' into text field '//input[@id='password']'.</msg>
<status status="PASS" starttime="20210506 04:10:25.765" endtime="20210506 04:10:25.907"/>
</kw>
<status status="PASS" starttime="20210506 04:10:25.501" endtime="20210506 04:10:25.907"/>
</kw>
<kw name="Click Button Login">
<arg>${btn_login}</arg>
<kw name="Element Should Be Visible" library="SeleniumLibrary">
<arg>${btn}</arg>
<doc>Verifies that the element identified by ``locator`` is visible.</doc>
<msg timestamp="20210506 04:10:25.959" level="INFO">Element '//button[contains(text(),'เข้าสู่ระบบ')]' is displayed.</msg>
<status status="PASS" starttime="20210506 04:10:25.908" endtime="20210506 04:10:25.959"/>
</kw>
<kw name="Click Element" library="SeleniumLibrary">
<arg>${btn}</arg>
<doc>Click the element identified by ``locator``.</doc>
<msg timestamp="20210506 04:10:25.960" level="INFO">Clicking element '//button[contains(text(),'เข้าสู่ระบบ')]'.</msg>
<kw name="Capture Page Screenshot" library="SeleniumLibrary">
<doc>Takes a screenshot of the current page and embeds it into a log file.</doc>
<msg timestamp="20210506 04:10:27.216" level="INFO" html="true">&lt;/td&gt;&lt;/tr&gt;&lt;tr&gt;&lt;td colspan="3"&gt;&lt;a href="selenium-screenshot-21.png"&gt;&lt;img src="selenium-screenshot-21.png" width="800px"&gt;&lt;/a&gt;</msg>
<status status="PASS" starttime="20210506 04:10:27.034" endtime="20210506 04:10:27.216"/>
</kw>
<msg timestamp="20210506 04:10:27.217" level="FAIL">ElementClickInterceptedException: Message: element click intercepted: Element &lt;button type="submit" class="btn btn-primary btn-block btn-lg"&gt;...&lt;/button&gt; is not clickable at point (752, 634). Other element would receive the click: &lt;div&gt;...&lt;/div&gt;
  (Session info: chrome=90.0.4430.93)
</msg>
<status status="FAIL" starttime="20210506 04:10:25.959" endtime="20210506 04:10:27.217"/>
</kw>
<status status="FAIL" starttime="20210506 04:10:25.908" endtime="20210506 04:10:27.218"/>
</kw>
<kw name="Verify DekD Home page">
<arg>${title_Dekd_Home}</arg>
<status status="NOT RUN" starttime="20210506 04:10:27.221" endtime="20210506 04:10:27.221"/>
</kw>
<tag>success</tag>
<status status="FAIL" starttime="20210506 04:10:18.152" endtime="20210506 04:10:27.222">ElementClickInterceptedException: Message: element click intercepted: Element &lt;button type="submit" class="btn btn-primary btn-block btn-lg"&gt;...&lt;/button&gt; is not clickable at point (752, 634). Other element would receive the click: &lt;div&gt;...&lt;/div&gt;
  (Session info: chrome=90.0.4430.93)
</status>
</test>
<test id="s1-t3" name="Facebook Login Dekd Store- Fail">
<kw name="Open Browser" library="SeleniumLibrary">
<arg>about:blank</arg>
<arg>chrome</arg>
<doc>Opens a new browser instance to the optional ``url``.</doc>
<msg timestamp="20210506 04:10:27.229" level="INFO">Opening browser 'chrome' to base url 'about:blank'.</msg>
<status status="PASS" starttime="20210506 04:10:27.228" endtime="20210506 04:10:29.565"/>
</kw>
<kw name="Go To" library="SeleniumLibrary">
<arg>${url_Dekd_Store_Login_Page}</arg>
<doc>Navigates the current browser window to the provided ``url``.</doc>
<msg timestamp="20210506 04:10:29.567" level="INFO">Opening url 'https://www.dekdstore.com/th/login'</msg>
<status status="PASS" starttime="20210506 04:10:29.566" endtime="20210506 04:10:35.994"/>
</kw>
<kw name="Verify DekD Login page">
<arg>${title_Dekd_Login}</arg>
<kw name="Title Should Be" library="SeleniumLibrary">
<arg>${title}</arg>
<doc>Verifies that the current page title equals ``title``.</doc>
<msg timestamp="20210506 04:10:36.004" level="INFO">Page title is 'เข้าสู่ระบบ - Dek-D's Store Official'.</msg>
<status status="PASS" starttime="20210506 04:10:35.997" endtime="20210506 04:10:36.005"/>
</kw>
<status status="PASS" starttime="20210506 04:10:35.995" endtime="20210506 04:10:36.005"/>
</kw>
<kw name="Click Facebook Login">
<arg>${input_facebook}</arg>
<kw name="Element Should Be Visible" library="SeleniumLibrary">
<arg>${btn}</arg>
<doc>Verifies that the element identified by ``locator`` is visible.</doc>
<msg timestamp="20210506 04:10:36.075" level="INFO">Element '//body/section[@id='main']/div[@id='app']/div[@id='main-content']/div[1]/div[1]/a[1]' is displayed.</msg>
<status status="PASS" starttime="20210506 04:10:36.009" endtime="20210506 04:10:36.075"/>
</kw>
<kw name="Click Element" library="SeleniumLibrary">
<arg>${btn}</arg>
<doc>Click the element identified by ``locator``.</doc>
<msg timestamp="20210506 04:10:36.076" level="INFO">Clicking element '//body/section[@id='main']/div[@id='app']/div[@id='main-content']/div[1]/div[1]/a[1]'.</msg>
<status status="PASS" starttime="20210506 04:10:36.076" endtime="20210506 04:10:43.204"/>
</kw>
<status status="PASS" starttime="20210506 04:10:36.007" endtime="20210506 04:10:43.205"/>
</kw>
<kw name="Verify DekD Login page">
<arg>${title_Dekd_facebook}</arg>
<kw name="Title Should Be" library="SeleniumLibrary">
<arg>${title}</arg>
<doc>Verifies that the current page title equals ``title``.</doc>
<msg timestamp="20210506 04:10:43.211" level="INFO">Page title is 'เข้าสู่ระบบ Facebook | Facebook'.</msg>
<status status="PASS" starttime="20210506 04:10:43.206" endtime="20210506 04:10:43.211"/>
</kw>
<status status="PASS" starttime="20210506 04:10:43.205" endtime="20210506 04:10:43.212"/>
</kw>
<kw name="Input Information For Login">
<arg>${intput_username_facebook}</arg>
<arg>${intput_password_facebook}</arg>
<arg>${username_fail}</arg>
<arg>${password_fail}</arg>
<kw name="Element Should Be Visible" library="SeleniumLibrary">
<arg>${xpath_username}</arg>
<doc>Verifies that the element identified by ``locator`` is visible.</doc>
<msg timestamp="20210506 04:10:43.243" level="INFO">Element '//input[@id='email']' is displayed.</msg>
<status status="PASS" starttime="20210506 04:10:43.213" endtime="20210506 04:10:43.244"/>
</kw>
<kw name="Element Should Be Visible" library="SeleniumLibrary">
<arg>${xpath_password}</arg>
<doc>Verifies that the element identified by ``locator`` is visible.</doc>
<msg timestamp="20210506 04:10:43.269" level="INFO">Element '//input[@id='pass']' is displayed.</msg>
<status status="PASS" starttime="20210506 04:10:43.244" endtime="20210506 04:10:43.269"/>
</kw>
<kw name="Input Text" library="SeleniumLibrary">
<arg>${xpath_username}</arg>
<arg>${username}</arg>
<doc>Types the given ``text`` into the text field identified by ``locator``.</doc>
<msg timestamp="20210506 04:10:43.270" level="INFO">Typing text '61070017@it.kmitl.ac.th' into text field '//input[@id='email']'.</msg>
<status status="PASS" starttime="20210506 04:10:43.269" endtime="20210506 04:10:43.389"/>
</kw>
<kw name="Input Text" library="SeleniumLibrary">
<arg>${xpath_password}</arg>
<arg>${password}</arg>
<doc>Types the given ``text`` into the text field identified by ``locator``.</doc>
<msg timestamp="20210506 04:10:43.390" level="INFO">Typing text '61070018' into text field '//input[@id='pass']'.</msg>
<status status="PASS" starttime="20210506 04:10:43.389" endtime="20210506 04:10:43.484"/>
</kw>
<status status="PASS" starttime="20210506 04:10:43.212" endtime="20210506 04:10:43.484"/>
</kw>
<kw name="Click Button Login">
<arg>${btn_login_facebook}</arg>
<kw name="Element Should Be Visible" library="SeleniumLibrary">
<arg>${btn}</arg>
<doc>Verifies that the element identified by ``locator`` is visible.</doc>
<msg timestamp="20210506 04:10:43.510" level="INFO">Element '//button[@id='loginbutton']' is displayed.</msg>
<status status="PASS" starttime="20210506 04:10:43.486" endtime="20210506 04:10:43.510"/>
</kw>
<kw name="Click Element" library="SeleniumLibrary">
<arg>${btn}</arg>
<doc>Click the element identified by ``locator``.</doc>
<msg timestamp="20210506 04:10:43.511" level="INFO">Clicking element '//button[@id='loginbutton']'.</msg>
<status status="PASS" starttime="20210506 04:10:43.511" endtime="20210506 04:10:43.572"/>
</kw>
<status status="PASS" starttime="20210506 04:10:43.485" endtime="20210506 04:10:43.572"/>
</kw>
<kw name="Verify DekD Home page">
<arg>${title_Dekd_Home}</arg>
<kw name="Title Should Be" library="SeleniumLibrary">
<arg>${title}</arg>
<doc>Verifies that the current page title equals ``title``.</doc>
<kw name="Capture Page Screenshot" library="SeleniumLibrary">
<doc>Takes a screenshot of the current page and embeds it into a log file.</doc>
<msg timestamp="20210506 04:10:46.769" level="INFO" html="true">&lt;/td&gt;&lt;/tr&gt;&lt;tr&gt;&lt;td colspan="3"&gt;&lt;a href="selenium-screenshot-22.png"&gt;&lt;img src="selenium-screenshot-22.png" width="800px"&gt;&lt;/a&gt;</msg>
<status status="PASS" starttime="20210506 04:10:46.591" endtime="20210506 04:10:46.770"/>
</kw>
<msg timestamp="20210506 04:10:47.104" level="FAIL">Title should have been 'Dek-D's Store Official' but was 'เข้าสู่ระบบ Facebook | Facebook'.</msg>
<status status="FAIL" starttime="20210506 04:10:43.573" endtime="20210506 04:10:47.104"/>
</kw>
<status status="FAIL" starttime="20210506 04:10:43.573" endtime="20210506 04:10:47.104"/>
</kw>
<tag>success</tag>
<status status="FAIL" starttime="20210506 04:10:27.227" endtime="20210506 04:10:47.105">Title should have been 'Dek-D's Store Official' but was 'เข้าสู่ระบบ Facebook | Facebook'.</status>
</test>
<status status="FAIL" starttime="20210506 04:10:09.813" endtime="20210506 04:10:47.108"/>
</suite>
<statistics>
<total>
<stat pass="0" fail="3" skip="0">All Tests</stat>
</total>
<tag>
<stat pass="0" fail="3" skip="0">success</stat>
</tag>
<suite>
<stat pass="0" fail="3" skip="0" id="s1" name="Login">Login</stat>
</suite>
</statistics>
<errors>
</errors>
</robot>
