<?xml version="1.0" encoding="UTF-8"?>
<robot generator="Robot 4.0.1 (Python 3.9.4 on win32)" generated="20210505 21:18:48.447" rpa="false" schemaversion="2">
<suite id="s1" name="Moneytransfer" source="C:\Users\jaroo\Documents\GitHub\Dek-D_Store_Test\moneytransfer(nun)\moneytransfer.robot">
<test id="s1-t1" name="แสดงเเจ้งการโอนเงิน Dek-D's Store Official ด้วย Chrome">
<kw name="Open Browser" library="SeleniumLibrary">
<arg>about:blank</arg>
<arg>chrome</arg>
<doc>Opens a new browser instance to the optional ``url``.</doc>
<msg timestamp="20210505 21:18:49.105" level="INFO">Opening browser 'chrome' to base url 'about:blank'.</msg>
<status status="PASS" starttime="20210505 21:18:49.104" endtime="20210505 21:18:52.047"/>
</kw>
<kw name="Maximize Browser Window" library="SeleniumLibrary">
<doc>Maximizes current browser window.</doc>
<status status="PASS" starttime="20210505 21:18:52.048" endtime="20210505 21:18:52.312"/>
</kw>
<kw name="Go To" library="SeleniumLibrary">
<arg>${url_Dekd_Store_Login}</arg>
<doc>Navigates the current browser window to the provided ``url``.</doc>
<msg timestamp="20210505 21:18:52.315" level="INFO">Opening url 'https://www.dekdstore.com/th/login'</msg>
<status status="PASS" starttime="20210505 21:18:52.314" endtime="20210505 21:18:56.981"/>
</kw>
<kw name="Verify DekD page">
<arg>${title_Dekd_Login}</arg>
<kw name="Title Should Be" library="SeleniumLibrary">
<arg>${title}</arg>
<doc>Verifies that the current page title equals ``title``.</doc>
<msg timestamp="20210505 21:18:57.008" level="INFO">Page title is 'เข้าสู่ระบบ - Dek-D's Store Official'.</msg>
<status status="PASS" starttime="20210505 21:18:56.984" endtime="20210505 21:18:57.008"/>
</kw>
<status status="PASS" starttime="20210505 21:18:56.982" endtime="20210505 21:18:57.009"/>
</kw>
<kw name="Input Information For Login">
<arg>${input_email}</arg>
<arg>${input_password}</arg>
<arg>${email_value}</arg>
<arg>${password_value}</arg>
<kw name="Element Should Be Visible" library="SeleniumLibrary">
<arg>${xpath_email}</arg>
<doc>Verifies that the element identified by ``locator`` is visible.</doc>
<msg timestamp="20210505 21:18:57.185" level="INFO">Element '//*[@id="email"]' is displayed.</msg>
<status status="PASS" starttime="20210505 21:18:57.016" endtime="20210505 21:18:57.185"/>
</kw>
<kw name="Element Should Be Visible" library="SeleniumLibrary">
<arg>${xpath_password}</arg>
<doc>Verifies that the element identified by ``locator`` is visible.</doc>
<msg timestamp="20210505 21:18:57.258" level="INFO">Element '//*[@id="password"]' is displayed.</msg>
<status status="PASS" starttime="20210505 21:18:57.186" endtime="20210505 21:18:57.258"/>
</kw>
<kw name="Input Text" library="SeleniumLibrary">
<arg>${xpath_email}</arg>
<arg>${email}</arg>
<doc>Types the given ``text`` into the text field identified by ``locator``.</doc>
<msg timestamp="20210505 21:18:57.261" level="INFO">Typing text 'pp_ben@hotmail.com' into text field '//*[@id="email"]'.</msg>
<status status="PASS" starttime="20210505 21:18:57.259" endtime="20210505 21:18:57.570"/>
</kw>
<kw name="Input Text" library="SeleniumLibrary">
<arg>${xpath_password}</arg>
<arg>${password}</arg>
<doc>Types the given ``text`` into the text field identified by ``locator``.</doc>
<msg timestamp="20210505 21:18:57.572" level="INFO">Typing text 'test123456789' into text field '//*[@id="password"]'.</msg>
<status status="PASS" starttime="20210505 21:18:57.571" endtime="20210505 21:18:58.533"/>
</kw>
<status status="PASS" starttime="20210505 21:18:57.010" endtime="20210505 21:18:58.534"/>
</kw>
<kw name="Click Button">
<arg>${btn_login}</arg>
<kw name="Element Should Be Visible" library="SeleniumLibrary">
<arg>${btn}</arg>
<doc>Verifies that the element identified by ``locator`` is visible.</doc>
<msg timestamp="20210505 21:18:58.618" level="INFO">Element '//*[@id="loginForm"]/button' is displayed.</msg>
<status status="PASS" starttime="20210505 21:18:58.537" endtime="20210505 21:18:58.618"/>
</kw>
<kw name="Click Element" library="SeleniumLibrary">
<arg>${btn}</arg>
<doc>Click the element identified by ``locator``.</doc>
<msg timestamp="20210505 21:18:58.619" level="INFO">Clicking element '//*[@id="loginForm"]/button'.</msg>
<status status="PASS" starttime="20210505 21:18:58.619" endtime="20210505 21:18:58.805"/>
</kw>
<status status="PASS" starttime="20210505 21:18:58.535" endtime="20210505 21:18:58.806"/>
</kw>
<kw name="Verify DekD page">
<arg>${title_DekD}</arg>
<kw name="Title Should Be" library="SeleniumLibrary">
<arg>${title}</arg>
<doc>Verifies that the current page title equals ``title``.</doc>
<msg timestamp="20210505 21:18:59.711" level="INFO">Page title is 'Dek-D's Store Official'.</msg>
<status status="PASS" starttime="20210505 21:18:58.810" endtime="20210505 21:18:59.711"/>
</kw>
<status status="PASS" starttime="20210505 21:18:58.807" endtime="20210505 21:18:59.712"/>
</kw>
<kw name="Show point">
<arg>${head}</arg>
<arg>${point}</arg>
<kw name="Element Should Be Visible" library="SeleniumLibrary">
<arg>${btn}</arg>
<doc>Verifies that the element identified by ``locator`` is visible.</doc>
<msg timestamp="20210505 21:19:00.792" level="INFO">Element '//*[@id="header-top"]/div/div/div[3]/ul/li[3]/a' is displayed.</msg>
<status status="PASS" starttime="20210505 21:18:59.714" endtime="20210505 21:19:00.793"/>
</kw>
<kw name="Click Element" library="SeleniumLibrary">
<arg>${btn}</arg>
<doc>Click the element identified by ``locator``.</doc>
<msg timestamp="20210505 21:19:00.794" level="INFO">Clicking element '//*[@id="header-top"]/div/div/div[3]/ul/li[3]/a'.</msg>
<status status="PASS" starttime="20210505 21:19:00.793" endtime="20210505 21:19:01.350"/>
</kw>
<kw name="Element Should Be Visible" library="SeleniumLibrary">
<arg>${btn_point}</arg>
<doc>Verifies that the element identified by ``locator`` is visible.</doc>
<msg timestamp="20210505 21:19:01.646" level="INFO">Element '//*[@id="header-top"]/div/div/div[3]/ul/li[3]/ul/li[2]/a' is displayed.</msg>
<status status="PASS" starttime="20210505 21:19:01.351" endtime="20210505 21:19:01.646"/>
</kw>
<kw name="Click Element" library="SeleniumLibrary">
<arg>${btn_point}</arg>
<doc>Click the element identified by ``locator``.</doc>
<msg timestamp="20210505 21:19:01.648" level="INFO">Clicking element '//*[@id="header-top"]/div/div/div[3]/ul/li[3]/ul/li[2]/a'.</msg>
<status status="PASS" starttime="20210505 21:19:01.647" endtime="20210505 21:19:07.576"/>
</kw>
<status status="PASS" starttime="20210505 21:18:59.713" endtime="20210505 21:19:07.576"/>
</kw>
<kw name="Sleep" library="BuiltIn">
<arg>1</arg>
<doc>Pauses the test executed for the given time.</doc>
<msg timestamp="20210505 21:19:08.579" level="INFO">Slept 1 second</msg>
<status status="PASS" starttime="20210505 21:19:07.578" endtime="20210505 21:19:08.579"/>
</kw>
<kw name="Capture Page Screenshot" library="SeleniumLibrary">
<arg>${TEST NAME}.png</arg>
<doc>Takes a screenshot of the current page and embeds it into a log file.</doc>
<msg timestamp="20210505 21:19:09.025" level="INFO" html="true">&lt;/td&gt;&lt;/tr&gt;&lt;tr&gt;&lt;td colspan="3"&gt;&lt;a href="%E0%B9%81%E0%B8%AA%E0%B8%94%E0%B8%87%E0%B9%80%E0%B9%80%E0%B8%88%E0%B9%89%E0%B8%87%E0%B8%81%E0%B8%B2%E0%B8%A3%E0%B9%82%E0%B8%AD%E0%B8%99%E0%B9%80%E0%B8%87%E0%B8%B4%E0%B8%99%20Dek-D%27s%20Store%20Official%20%E0%B8%94%E0%B9%89%E0%B8%A7%E0%B8%A2%20Chrome.png"&gt;&lt;img src="%E0%B9%81%E0%B8%AA%E0%B8%94%E0%B8%87%E0%B9%80%E0%B9%80%E0%B8%88%E0%B9%89%E0%B8%87%E0%B8%81%E0%B8%B2%E0%B8%A3%E0%B9%82%E0%B8%AD%E0%B8%99%E0%B9%80%E0%B8%87%E0%B8%B4%E0%B8%99%20Dek-D%27s%20Store%20Official%20%E0%B8%94%E0%B9%89%E0%B8%A7%E0%B8%A2%20Chrome.png" width="800px"&gt;&lt;/a&gt;</msg>
<status status="PASS" starttime="20210505 21:19:08.581" endtime="20210505 21:19:09.025"/>
</kw>
<status status="PASS" starttime="20210505 21:18:49.101" endtime="20210505 21:19:09.026"/>
</test>
<status status="PASS" starttime="20210505 21:18:48.456" endtime="20210505 21:19:09.030"/>
</suite>
<statistics>
<total>
<stat pass="1" fail="0" skip="0">All Tests</stat>
</total>
<tag>
</tag>
<suite>
<stat pass="1" fail="0" skip="0" id="s1" name="Moneytransfer">Moneytransfer</stat>
</suite>
</statistics>
<errors>
</errors>
</robot>
